[Info  - 11:19:22] ESLint server stopped.
[Info  - 11:19:22] ESLint server running in node v8.9.3
[Info  - 11:19:22] ESLint server is running.
[Info  - 11:19:23] ESLint library loaded from: /home/andrew/Рабочий стол/projects/react-cinematography/node_modules/eslint/lib/api.js
[Warn  - 11:19:23] 
No ESLint configuration (e.g .eslintrc) found for file: /home/andrew/Рабочий стол/projects/react-cinematography/src/reducers/searchPhrase.js
File will not be validated. Consider running 'eslint --init' in the workspace folder react-cinematography
Alternatively you can disable ESLint by executing the 'Disable ESLint' command.
[Warn  - 11:19:28] 
No ESLint configuration (e.g .eslintrc) found for file: /home/andrew/Рабочий стол/projects/react-cinematography/src/actions/changeSearchInput.js
File will not be validated. Consider running 'eslint --init' in the workspace folder react-cinematography
Alternatively you can disable ESLint by executing the 'Disable ESLint' command.
[Warn  - 11:19:32] 
No ESLint configuration (e.g .eslintrc) found for file: /home/andrew/Рабочий стол/projects/react-cinematography/src/actions/searchRequest.js
File will not be validated. Consider running 'eslint --init' in the workspace folder react-cinematography
Alternatively you can disable ESLint by executing the 'Disable ESLint' command.
[Warn  - 11:19:56] 
No ESLint configuration (e.g .eslintrc) found for file: /home/andrew/Рабочий стол/projects/react-cinematography/src/reducers/index.js
File will not be validated. Consider running 'eslint --init' in the workspace folder react-cinematography
Alternatively you can disable ESLint by executing the 'Disable ESLint' command.
[Warn  - 11:20:08] 
No ESLint configuration (e.g .eslintrc) found for file: /home/andrew/Рабочий стол/projects/react-cinematography/src/containers/Home/index.js
File will not be validated. Consider running 'eslint --init' in the workspace folder react-cinematography
Alternatively you can disable ESLint by executing the 'Disable ESLint' command.
[Warn  - 11:20:19] 
No ESLint configuration (e.g .eslintrc) found for file: /home/andrew/Рабочий стол/projects/react-cinematography/src/components/Header/index.js
File will not be validated. Consider running 'eslint --init' in the workspace folder react-cinematography
Alternatively you can disable ESLint by executing the 'Disable ESLint' command.
[Warn  - 11:23:05] 
No ESLint configuration (e.g .eslintrc) found for file: /home/andrew/Рабочий стол/projects/react-cinematography/src/components/SearchPage/index.js
File will not be validated. Consider running 'eslint --init' in the workspace folder react-cinematography
Alternatively you can disable ESLint by executing the 'Disable ESLint' command.
[Warn  - 11:58:28] 
No ESLint configuration (e.g .eslintrc) found for file: /home/andrew/Рабочий стол/projects/react-cinematography/src/components/PreviewItem/index.js
File will not be validated. Consider running 'eslint --init' in the workspace folder react-cinematography
Alternatively you can disable ESLint by executing the 'Disable ESLint' command.
[Warn  - 12:01:31] 
No ESLint configuration (e.g .eslintrc) found for file: /home/andrew/Рабочий стол/projects/react-cinematography/src/components/Search/index.js
File will not be validated. Consider running 'eslint --init' in the workspace folder react-cinematography
Alternatively you can disable ESLint by executing the 'Disable ESLint' command.
[Warn  - 12:17:51] 
No ESLint configuration (e.g .eslintrc) found for file: /home/andrew/Рабочий стол/projects/react-cinematography/src/config/index.js
File will not be validated. Consider running 'eslint --init' in the workspace folder react-cinematography
Alternatively you can disable ESLint by executing the 'Disable ESLint' command.
[Warn  - 12:26:05] 
No ESLint configuration (e.g .eslintrc) found for file: /home/andrew/Рабочий стол/projects/react-cinematography/src/APIconfig/index.js
File will not be validated. Consider running 'eslint --init' in the workspace folder react-cinematography
Alternatively you can disable ESLint by executing the 'Disable ESLint' command.
[Warn  - 12:34:35] 
No ESLint configuration (e.g .eslintrc) found for file: /home/andrew/Рабочий стол/projects/react-cinematography/src/containers/App/index.js
File will not be validated. Consider running 'eslint --init' in the workspace folder react-cinematography
Alternatively you can disable ESLint by executing the 'Disable ESLint' command.
[Warn  - 14:29:25] 
No ESLint configuration (e.g .eslintrc) found for file: /home/andrew/Рабочий стол/projects/react-cinematography/src/actions/addTMDBconfig.js
File will not be validated. Consider running 'eslint --init' in the workspace folder react-cinematography
Alternatively you can disable ESLint by executing the 'Disable ESLint' command.
[Warn  - 14:31:12] 
No ESLint configuration (e.g .eslintrc) found for file: /home/andrew/Рабочий стол/projects/react-cinematography/src/actions/addSearchResponse.js
File will not be validated. Consider running 'eslint --init' in the workspace folder react-cinematography
Alternatively you can disable ESLint by executing the 'Disable ESLint' command.
[Warn  - 14:33:57] 
No ESLint configuration (e.g .eslintrc) found for file: /home/andrew/Рабочий стол/projects/react-cinematography/src/reducers/requestTMDBsettings.js
File will not be validated. Consider running 'eslint --init' in the workspace folder react-cinematography
Alternatively you can disable ESLint by executing the 'Disable ESLint' command.
[Warn  - 14:47:19] 
No ESLint configuration (e.g .eslintrc) found for file: /home/andrew/Рабочий стол/projects/react-cinematography/src/reducers/searchResponse.js
File will not be validated. Consider running 'eslint --init' in the workspace folder react-cinematography
Alternatively you can disable ESLint by executing the 'Disable ESLint' command.
[Warn  - 14:54:11] 
No ESLint configuration (e.g .eslintrc) found for file: /home/andrew/Рабочий стол/projects/react-cinematography/src/reducers/searchInput.js
File will not be validated. Consider running 'eslint --init' in the workspace folder react-cinematography
Alternatively you can disable ESLint by executing the 'Disable ESLint' command.
[Warn  - 17:02:54] 
No ESLint configuration (e.g .eslintrc) found for file: /home/andrew/Рабочий стол/projects/react-cinematography/src/actions/addGenresList.js
File will not be validated. Consider running 'eslint --init' in the workspace folder react-cinematography
Alternatively you can disable ESLint by executing the 'Disable ESLint' command.
[Warn  - 17:03:51] 
No ESLint configuration (e.g .eslintrc) found for file: /home/andrew/Рабочий стол/projects/react-cinematography/src/reducers/genresList.js
File will not be validated. Consider running 'eslint --init' in the workspace folder react-cinematography
Alternatively you can disable ESLint by executing the 'Disable ESLint' command.
[Warn  - 17:25:42] 
No ESLint configuration (e.g .eslintrc) found for file: /home/andrew/Рабочий стол/projects/react-cinematography/src/store.js
File will not be validated. Consider running 'eslint --init' in the workspace folder react-cinematography
Alternatively you can disable ESLint by executing the 'Disable ESLint' command.
