[Info  - 11:19:22] Using tsserver from: /usr/share/code/resources/app/extensions/node_modules/typescript/lib
[Info  - 11:19:22] Forking TSServer
[Info  - 11:19:22] Started TSServer
[Error  - 14:34:55] 'getCodeFixes' request failed with error.
Error processing request. Cannot read property 'parent' of undefined
TypeError: Cannot read property 'parent' of undefined
    at Object.deleteDeclaration (/usr/share/code/resources/app/extensions/node_modules/typescript/lib/tsserver.js:106224:56)
    at _loop_8 (/usr/share/code/resources/app/extensions/node_modules/typescript/lib/tsserver.js:105858:47)
    at ChangeTracker.finishDeleteDeclarations (/usr/share/code/resources/app/extensions/node_modules/typescript/lib/tsserver.js:105865:21)
    at ChangeTracker.getChanges (/usr/share/code/resources/app/extensions/node_modules/typescript/lib/tsserver.js:105885:22)
    at Function.ChangeTracker.with (/usr/share/code/resources/app/extensions/node_modules/typescript/lib/tsserver.js:105443:32)
    at Object.getCodeActions (/usr/share/code/resources/app/extensions/node_modules/typescript/lib/tsserver.js:109138:68)
    at /usr/share/code/resources/app/extensions/node_modules/typescript/lib/tsserver.js:106400:121
    at Object.flatMap (/usr/share/code/resources/app/extensions/node_modules/typescript/lib/tsserver.js:499:25)
    at Object.getFixes (/usr/share/code/resources/app/extensions/node_modules/typescript/lib/tsserver.js:106400:23)
    at /usr/share/code/resources/app/extensions/node_modules/typescript/lib/tsserver.js:115125:35
    at Object.flatMap (/usr/share/code/resources/app/extensions/node_modules/typescript/lib/tsserver.js:499:25)
    at Object.getCodeFixesAtPosition (/usr/share/code/resources/app/extensions/node_modules/typescript/lib/tsserver.js:115123:23)
    at IOSession.Session.getCodeFixes (/usr/share/code/resources/app/extensions/node_modules/typescript/lib/tsserver.js:122929:64)
    at Session.handlers.ts.createMapFromTemplate._a.(anonymous function) (/usr/share/code/resources/app/extensions/node_modules/typescript/lib/tsserver.js:121789:61)
    at /usr/share/code/resources/app/extensions/node_modules/typescript/lib/tsserver.js:123086:88
    at IOSession.Session.executeWithRequestId (/usr/share/code/resources/app/extensions/node_modules/typescript/lib/tsserver.js:123077:28)
    at IOSession.Session.executeCommand (/usr/share/code/resources/app/extensions/node_modules/typescript/lib/tsserver.js:123086:33)
    at IOSession.Session.onMessage (/usr/share/code/resources/app/extensions/node_modules/typescript/lib/tsserver.js:123106:35)
    at Interface.<anonymous> (/usr/share/code/resources/app/extensions/node_modules/typescript/lib/tsserver.js:124369:27)
    at emitOne (events.js:116:13)
    at Interface.emit (events.js:211:7)
    at Interface._onLine (readline.js:282:10)
    at Interface._normalWrite (readline.js:424:12)
    at Socket.ondata (readline.js:141:10)
    at emitOne (events.js:116:13)
    at Socket.emit (events.js:211:7)
    at addChunk (_stream_readable.js:263:12)
    at readableAddChunk (_stream_readable.js:250:11)
    at Socket.Readable.push (_stream_readable.js:208:10)
    at Pipe.onread (net.js:594:20)
