[Info  - 14:26:25] Using tsserver from: /usr/share/code/resources/app/extensions/node_modules/typescript/lib
[Info  - 14:26:25] Forking TSServer
[Info  - 14:26:25] Started TSServer
[Error  - 15:19:29] 'occurrences' request failed with error.
Error processing request. Debug Failure. Invalid container kind.
Error: Debug Failure. Invalid container kind.
    at getNodesToSearchForModifier (/usr/share/code/resources/app/extensions/node_modules/typescript/lib/tsserver.js:95712:30)
    at getModifierOccurrences (/usr/share/code/resources/app/extensions/node_modules/typescript/lib/tsserver.js:95674:34)
    at getHighlightSpans (/usr/share/code/resources/app/extensions/node_modules/typescript/lib/tsserver.js:95584:42)
    at getSyntacticDocumentHighlights (/usr/share/code/resources/app/extensions/node_modules/typescript/lib/tsserver.js:95542:34)
    at Object.getDocumentHighlights (/usr/share/code/resources/app/extensions/node_modules/typescript/lib/tsserver.js:95513:118)
    at getDocumentHighlights (/usr/share/code/resources/app/extensions/node_modules/typescript/lib/tsserver.js:114913:42)
    at Object.getOccurrencesAtPosition (/usr/share/code/resources/app/extensions/node_modules/typescript/lib/tsserver.js:114899:31)
    at IOSession.Session.getOccurrences (/usr/share/code/resources/app/extensions/node_modules/typescript/lib/tsserver.js:122233:64)
    at Session.handlers.ts.createMapFromTemplate._a.(anonymous function) (/usr/share/code/resources/app/extensions/node_modules/typescript/lib/tsserver.js:121766:61)
    at /usr/share/code/resources/app/extensions/node_modules/typescript/lib/tsserver.js:123086:88
    at IOSession.Session.executeWithRequestId (/usr/share/code/resources/app/extensions/node_modules/typescript/lib/tsserver.js:123077:28)
    at IOSession.Session.executeCommand (/usr/share/code/resources/app/extensions/node_modules/typescript/lib/tsserver.js:123086:33)
    at IOSession.Session.onMessage (/usr/share/code/resources/app/extensions/node_modules/typescript/lib/tsserver.js:123106:35)
    at Interface.<anonymous> (/usr/share/code/resources/app/extensions/node_modules/typescript/lib/tsserver.js:124369:27)
    at emitOne (events.js:116:13)
    at Interface.emit (events.js:211:7)
    at Interface._onLine (readline.js:282:10)
    at Interface._normalWrite (readline.js:424:12)
    at Socket.ondata (readline.js:141:10)
    at emitOne (events.js:116:13)
    at Socket.emit (events.js:211:7)
    at addChunk (_stream_readable.js:263:12)
    at readableAddChunk (_stream_readable.js:250:11)
    at Socket.Readable.push (_stream_readable.js:208:10)
    at Pipe.onread (net.js:594:20)
[Error  - 15:19:35] 'occurrences' request failed with error.
Error processing request. Debug Failure. Invalid container kind.
Error: Debug Failure. Invalid container kind.
    at getNodesToSearchForModifier (/usr/share/code/resources/app/extensions/node_modules/typescript/lib/tsserver.js:95712:30)
    at getModifierOccurrences (/usr/share/code/resources/app/extensions/node_modules/typescript/lib/tsserver.js:95674:34)
    at getHighlightSpans (/usr/share/code/resources/app/extensions/node_modules/typescript/lib/tsserver.js:95584:42)
    at getSyntacticDocumentHighlights (/usr/share/code/resources/app/extensions/node_modules/typescript/lib/tsserver.js:95542:34)
    at Object.getDocumentHighlights (/usr/share/code/resources/app/extensions/node_modules/typescript/lib/tsserver.js:95513:118)
    at getDocumentHighlights (/usr/share/code/resources/app/extensions/node_modules/typescript/lib/tsserver.js:114913:42)
    at Object.getOccurrencesAtPosition (/usr/share/code/resources/app/extensions/node_modules/typescript/lib/tsserver.js:114899:31)
    at IOSession.Session.getOccurrences (/usr/share/code/resources/app/extensions/node_modules/typescript/lib/tsserver.js:122233:64)
    at Session.handlers.ts.createMapFromTemplate._a.(anonymous function) (/usr/share/code/resources/app/extensions/node_modules/typescript/lib/tsserver.js:121766:61)
    at /usr/share/code/resources/app/extensions/node_modules/typescript/lib/tsserver.js:123086:88
    at IOSession.Session.executeWithRequestId (/usr/share/code/resources/app/extensions/node_modules/typescript/lib/tsserver.js:123077:28)
    at IOSession.Session.executeCommand (/usr/share/code/resources/app/extensions/node_modules/typescript/lib/tsserver.js:123086:33)
    at IOSession.Session.onMessage (/usr/share/code/resources/app/extensions/node_modules/typescript/lib/tsserver.js:123106:35)
    at Interface.<anonymous> (/usr/share/code/resources/app/extensions/node_modules/typescript/lib/tsserver.js:124369:27)
    at emitOne (events.js:116:13)
    at Interface.emit (events.js:211:7)
    at Interface._onLine (readline.js:282:10)
    at Interface._normalWrite (readline.js:424:12)
    at Socket.ondata (readline.js:141:10)
    at emitOne (events.js:116:13)
    at Socket.emit (events.js:211:7)
    at addChunk (_stream_readable.js:263:12)
    at readableAddChunk (_stream_readable.js:250:11)
    at Socket.Readable.push (_stream_readable.js:208:10)
    at Pipe.onread (net.js:594:20)
[Error  - 15:19:38] 'occurrences' request failed with error.
Error processing request. Debug Failure. Invalid container kind.
Error: Debug Failure. Invalid container kind.
    at getNodesToSearchForModifier (/usr/share/code/resources/app/extensions/node_modules/typescript/lib/tsserver.js:95712:30)
    at getModifierOccurrences (/usr/share/code/resources/app/extensions/node_modules/typescript/lib/tsserver.js:95674:34)
    at getHighlightSpans (/usr/share/code/resources/app/extensions/node_modules/typescript/lib/tsserver.js:95584:42)
    at getSyntacticDocumentHighlights (/usr/share/code/resources/app/extensions/node_modules/typescript/lib/tsserver.js:95542:34)
    at Object.getDocumentHighlights (/usr/share/code/resources/app/extensions/node_modules/typescript/lib/tsserver.js:95513:118)
    at getDocumentHighlights (/usr/share/code/resources/app/extensions/node_modules/typescript/lib/tsserver.js:114913:42)
    at Object.getOccurrencesAtPosition (/usr/share/code/resources/app/extensions/node_modules/typescript/lib/tsserver.js:114899:31)
    at IOSession.Session.getOccurrences (/usr/share/code/resources/app/extensions/node_modules/typescript/lib/tsserver.js:122233:64)
    at Session.handlers.ts.createMapFromTemplate._a.(anonymous function) (/usr/share/code/resources/app/extensions/node_modules/typescript/lib/tsserver.js:121766:61)
    at /usr/share/code/resources/app/extensions/node_modules/typescript/lib/tsserver.js:123086:88
    at IOSession.Session.executeWithRequestId (/usr/share/code/resources/app/extensions/node_modules/typescript/lib/tsserver.js:123077:28)
    at IOSession.Session.executeCommand (/usr/share/code/resources/app/extensions/node_modules/typescript/lib/tsserver.js:123086:33)
    at IOSession.Session.onMessage (/usr/share/code/resources/app/extensions/node_modules/typescript/lib/tsserver.js:123106:35)
    at Interface.<anonymous> (/usr/share/code/resources/app/extensions/node_modules/typescript/lib/tsserver.js:124369:27)
    at emitOne (events.js:116:13)
    at Interface.emit (events.js:211:7)
    at Interface._onLine (readline.js:282:10)
    at Interface._normalWrite (readline.js:424:12)
    at Socket.ondata (readline.js:141:10)
    at emitOne (events.js:116:13)
    at Socket.emit (events.js:211:7)
    at addChunk (_stream_readable.js:263:12)
    at readableAddChunk (_stream_readable.js:250:11)
    at Socket.Readable.push (_stream_readable.js:208:10)
    at Pipe.onread (net.js:594:20)
