[Info  - 11:50:36] ESLint server stopped.
[Info  - 11:50:36] ESLint server running in node v8.9.3
[Info  - 11:50:36] ESLint server is running.
[Info  - 11:50:37] ESLint library loaded from: /home/andrew/Рабочий стол/projects/react-cinematography/node_modules/eslint/lib/api.js
[Warn  - 11:50:37] 
No ESLint configuration (e.g .eslintrc) found for file: /home/andrew/Рабочий стол/projects/react-cinematography/src/containers/app/index.js
File will not be validated. Consider running 'eslint --init' in the workspace folder react-cinematography
Alternatively you can disable ESLint by executing the 'Disable ESLint' command.
[Warn  - 11:50:55] 
No ESLint configuration (e.g .eslintrc) found for file: /home/andrew/Рабочий стол/projects/react-cinematography/src/containers/about/index.js
File will not be validated. Consider running 'eslint --init' in the workspace folder react-cinematography
Alternatively you can disable ESLint by executing the 'Disable ESLint' command.
[Warn  - 11:51:23] 
No ESLint configuration (e.g .eslintrc) found for file: /home/andrew/Рабочий стол/projects/react-cinematography/src/containers/home/index.js
File will not be validated. Consider running 'eslint --init' in the workspace folder react-cinematography
Alternatively you can disable ESLint by executing the 'Disable ESLint' command.
[Warn  - 11:51:51] 
No ESLint configuration (e.g .eslintrc) found for file: /home/andrew/Рабочий стол/projects/react-cinematography/src/store.js
File will not be validated. Consider running 'eslint --init' in the workspace folder react-cinematography
Alternatively you can disable ESLint by executing the 'Disable ESLint' command.
