[2018-12-12 11:46:55.969] [sharedprocess] [info] main {"machineId":"32bb7b4cfa401785324cb23b7bc27605939798aafce5924984ed680bdc653e58"}
[2018-12-12 11:46:56.023] [sharedprocess] [info] Scanned user extensions: 9
[2018-12-12 11:46:56.066] [sharedprocess] [info] Scanned user extensions: 9
[2018-12-12 11:46:56.068] [sharedprocess] [info] Scanned user extensions: 9
[2018-12-12 11:46:56.072] [sharedprocess] [info] Scanned user extensions: 9
[2018-12-12 11:46:56.112] [sharedprocess] [info] Scanned system extensions: 71
[2018-12-12 11:46:56.115] [sharedprocess] [info] Scanned system extensions: 71
[2018-12-12 11:46:56.118] [sharedprocess] [info] Scanned system extensions: 71
[2018-12-12 11:46:56.181] [sharedprocess] [info] Scanned user extensions: 9
[2018-12-12 11:47:03.963] [sharedprocess] [info] Scanned user extensions: 9
[2018-12-12 11:47:03.967] [sharedprocess] [info] Scanned user extensions: 9
[2018-12-12 11:47:03.972] [sharedprocess] [info] Scanned user extensions: 9
[2018-12-12 11:47:04.028] [sharedprocess] [info] Scanned system extensions: 71
[2018-12-12 11:47:04.032] [sharedprocess] [info] Scanned system extensions: 71
[2018-12-12 11:47:04.272] [sharedprocess] [info] Scanned user extensions: 9
[2018-12-12 11:47:35.972] [sharedprocess] [info] Starting to clean up unused language packs.
[2018-12-12 11:47:35.973] [sharedprocess] [info] Skipping directory b7bed61c66de9d7bddacb3a8fe1ec728.ru. Language pack still in use.
[2018-12-12 11:52:04.342] [sharedprocess] [info] Scanned user extensions: 9
[2018-12-12 11:57:04.362] [sharedprocess] [info] Scanned user extensions: 9
[2018-12-12 12:02:04.383] [sharedprocess] [info] Scanned user extensions: 9
[2018-12-12 12:07:04.397] [sharedprocess] [info] Scanned user extensions: 9
[2018-12-12 12:12:04.418] [sharedprocess] [info] Scanned user extensions: 9
[2018-12-12 12:17:04.439] [sharedprocess] [info] Scanned user extensions: 9
[2018-12-12 12:22:04.459] [sharedprocess] [info] Scanned user extensions: 9
[2018-12-12 12:27:04.477] [sharedprocess] [info] Scanned user extensions: 9
[2018-12-12 12:32:04.495] [sharedprocess] [info] Scanned user extensions: 9
[2018-12-12 12:37:04.512] [sharedprocess] [info] Scanned user extensions: 9
[2018-12-12 12:42:04.533] [sharedprocess] [info] Scanned user extensions: 9
[2018-12-12 12:47:04.703] [sharedprocess] [info] Scanned user extensions: 9
[2018-12-12 12:52:04.720] [sharedprocess] [info] Scanned user extensions: 9
[2018-12-12 12:57:04.737] [sharedprocess] [info] Scanned user extensions: 9
[2018-12-12 13:02:04.751] [sharedprocess] [info] Scanned user extensions: 9
[2018-12-12 13:07:04.768] [sharedprocess] [info] Scanned user extensions: 9
[2018-12-12 13:12:04.785] [sharedprocess] [info] Scanned user extensions: 9
[2018-12-12 13:17:04.798] [sharedprocess] [info] Scanned user extensions: 9
[2018-12-12 13:22:04.815] [sharedprocess] [info] Scanned user extensions: 9
[2018-12-12 13:27:04.826] [sharedprocess] [info] Scanned user extensions: 9
[2018-12-12 13:32:04.845] [sharedprocess] [info] Scanned user extensions: 9
[2018-12-12 13:37:04.855] [sharedprocess] [info] Scanned user extensions: 9
[2018-12-12 13:42:04.870] [sharedprocess] [info] Scanned user extensions: 9
[2018-12-12 13:47:05.041] [sharedprocess] [info] Scanned user extensions: 9
[2018-12-12 13:52:05.054] [sharedprocess] [info] Scanned user extensions: 9
[2018-12-12 13:57:05.074] [sharedprocess] [info] Scanned user extensions: 9
[2018-12-12 14:02:05.089] [sharedprocess] [info] Scanned user extensions: 9
[2018-12-12 14:07:05.111] [sharedprocess] [info] Scanned user extensions: 9
[2018-12-12 14:12:05.127] [sharedprocess] [info] Scanned user extensions: 9
[2018-12-12 14:17:05.139] [sharedprocess] [info] Scanned user extensions: 9
[2018-12-12 14:22:05.155] [sharedprocess] [info] Scanned user extensions: 9
[2018-12-12 14:27:05.175] [sharedprocess] [info] Scanned user extensions: 9
[2018-12-12 14:32:05.195] [sharedprocess] [info] Scanned user extensions: 9
[2018-12-12 14:37:05.213] [sharedprocess] [info] Scanned user extensions: 9
[2018-12-12 14:42:05.229] [sharedprocess] [info] Scanned user extensions: 9
[2018-12-12 14:47:05.408] [sharedprocess] [info] Scanned user extensions: 9
[2018-12-12 14:52:05.428] [sharedprocess] [info] Scanned user extensions: 9
[2018-12-12 14:57:05.446] [sharedprocess] [info] Scanned user extensions: 9
[2018-12-12 15:02:05.466] [sharedprocess] [info] Scanned user extensions: 9
[2018-12-12 15:07:05.482] [sharedprocess] [info] Scanned user extensions: 9
[2018-12-12 15:12:05.503] [sharedprocess] [info] Scanned user extensions: 9
[2018-12-12 15:17:05.525] [sharedprocess] [info] Scanned user extensions: 9
[2018-12-12 15:22:05.539] [sharedprocess] [info] Scanned user extensions: 9
[2018-12-12 15:27:05.554] [sharedprocess] [info] Scanned user extensions: 9
[2018-12-12 15:32:05.571] [sharedprocess] [info] Scanned user extensions: 9
[2018-12-12 15:37:05.592] [sharedprocess] [info] Scanned user extensions: 9
[2018-12-12 15:42:05.612] [sharedprocess] [info] Scanned user extensions: 9
[2018-12-12 15:47:05.777] [sharedprocess] [info] Scanned user extensions: 9
[2018-12-12 15:52:05.789] [sharedprocess] [info] Scanned user extensions: 9
[2018-12-12 15:57:05.803] [sharedprocess] [info] Scanned user extensions: 9
[2018-12-12 16:02:05.823] [sharedprocess] [info] Scanned user extensions: 9
[2018-12-12 16:07:05.841] [sharedprocess] [info] Scanned user extensions: 9
[2018-12-12 16:12:05.853] [sharedprocess] [info] Scanned user extensions: 9
[2018-12-12 16:17:05.875] [sharedprocess] [info] Scanned user extensions: 9
[2018-12-12 16:22:05.893] [sharedprocess] [info] Scanned user extensions: 9
[2018-12-12 16:27:05.909] [sharedprocess] [info] Scanned user extensions: 9
[2018-12-12 16:32:05.925] [sharedprocess] [info] Scanned user extensions: 9
[2018-12-12 16:37:05.936] [sharedprocess] [info] Scanned user extensions: 9
[2018-12-12 16:42:05.952] [sharedprocess] [info] Scanned user extensions: 9
[2018-12-12 16:47:06.121] [sharedprocess] [info] Scanned user extensions: 9
[2018-12-12 16:52:06.136] [sharedprocess] [info] Scanned user extensions: 9
[2018-12-12 16:57:06.150] [sharedprocess] [info] Scanned user extensions: 9
[2018-12-12 17:02:06.162] [sharedprocess] [info] Scanned user extensions: 9
[2018-12-12 17:07:06.176] [sharedprocess] [info] Scanned user extensions: 9
[2018-12-12 17:12:06.197] [sharedprocess] [info] Scanned user extensions: 9
[2018-12-12 17:17:06.214] [sharedprocess] [info] Scanned user extensions: 9
[2018-12-12 17:22:06.228] [sharedprocess] [info] Scanned user extensions: 9
[2018-12-12 17:27:06.247] [sharedprocess] [info] Scanned user extensions: 9
[2018-12-12 17:32:06.263] [sharedprocess] [info] Scanned user extensions: 9
[2018-12-12 17:37:06.277] [sharedprocess] [info] Scanned user extensions: 9
[2018-12-12 17:42:06.294] [sharedprocess] [info] Scanned user extensions: 9
[2018-12-12 17:47:06.465] [sharedprocess] [info] Scanned user extensions: 9
[2018-12-12 17:52:06.483] [sharedprocess] [info] Scanned user extensions: 9
[2018-12-12 17:57:06.501] [sharedprocess] [info] Scanned user extensions: 9
[2018-12-12 18:02:06.513] [sharedprocess] [info] Scanned user extensions: 9
[2018-12-12 18:07:06.533] [sharedprocess] [info] Scanned user extensions: 9
[2018-12-12 18:12:06.544] [sharedprocess] [info] Scanned user extensions: 9
[2018-12-12 18:17:06.557] [sharedprocess] [info] Scanned user extensions: 9
[2018-12-12 18:22:06.572] [sharedprocess] [info] Scanned user extensions: 9
[2018-12-12 18:27:06.591] [sharedprocess] [info] Scanned user extensions: 9
[2018-12-12 18:32:06.609] [sharedprocess] [info] Scanned user extensions: 9
[2018-12-12 18:37:06.626] [sharedprocess] [info] Scanned user extensions: 9
[2018-12-12 18:42:06.638] [sharedprocess] [info] Scanned user extensions: 9
[2018-12-12 18:47:06.808] [sharedprocess] [info] Scanned user extensions: 9
[2018-12-12 18:52:06.827] [sharedprocess] [info] Scanned user extensions: 9
