[Info  - 14:43:04] ESLint server stopped.
[Info  - 14:43:04] ESLint server running in node v8.9.3
[Info  - 14:43:04] ESLint server is running.
[Info  - 14:43:05] ESLint library loaded from: /home/andrew/Рабочий стол/projects/react-cinematography/node_modules/eslint/lib/api.js
[Warn  - 14:43:05] 
No ESLint configuration (e.g .eslintrc) found for file: /home/andrew/Рабочий стол/projects/react-cinematography/src/reducers/counter.js
File will not be validated. Consider running 'eslint --init' in the workspace folder react-cinematography
Alternatively you can disable ESLint by executing the 'Disable ESLint' command.
[Warn  - 14:43:22] 
No ESLint configuration (e.g .eslintrc) found for file: /home/andrew/Рабочий стол/projects/react-cinematography/src/containers/app/index.js
File will not be validated. Consider running 'eslint --init' in the workspace folder react-cinematography
Alternatively you can disable ESLint by executing the 'Disable ESLint' command.
[Warn  - 14:47:55] 
No ESLint configuration (e.g .eslintrc) found for file: /home/andrew/Рабочий стол/projects/react-cinematography/src/store.js
File will not be validated. Consider running 'eslint --init' in the workspace folder react-cinematography
Alternatively you can disable ESLint by executing the 'Disable ESLint' command.
[Warn  - 14:53:26] 
No ESLint configuration (e.g .eslintrc) found for file: /home/andrew/Рабочий стол/projects/react-cinematography/src/containers/app/index.js
File will not be validated. Consider running 'eslint --init' in the workspace folder react-cinematography
Alternatively you can disable ESLint by executing the 'Disable ESLint' command.
[Warn  - 15:08:16] 
No ESLint configuration (e.g .eslintrc) found for file: /home/andrew/Рабочий стол/projects/react-cinematography/src/components/Header/index.js
File will not be validated. Consider running 'eslint --init' in the workspace folder react-cinematography
Alternatively you can disable ESLint by executing the 'Disable ESLint' command.
