[2018-12-20 14:24:45.296] [sharedprocess] [info] main {"machineId":"32bb7b4cfa401785324cb23b7bc27605939798aafce5924984ed680bdc653e58"}
[2018-12-20 14:24:45.380] [sharedprocess] [info] Scanned user extensions: 9
[2018-12-20 14:24:45.437] [sharedprocess] [info] Scanned user extensions: 9
[2018-12-20 14:24:45.439] [sharedprocess] [info] Scanned user extensions: 9
[2018-12-20 14:24:45.443] [sharedprocess] [info] Scanned user extensions: 9
[2018-12-20 14:24:45.488] [sharedprocess] [info] Scanned system extensions: 71
[2018-12-20 14:24:45.491] [sharedprocess] [info] Scanned system extensions: 71
[2018-12-20 14:24:45.494] [sharedprocess] [info] Scanned system extensions: 71
[2018-12-20 14:24:45.522] [sharedprocess] [info] Scanned user extensions: 9
[2018-12-20 14:24:54.694] [sharedprocess] [info] Scanned user extensions: 9
[2018-12-20 14:24:54.696] [sharedprocess] [info] Scanned user extensions: 9
[2018-12-20 14:24:54.719] [sharedprocess] [info] Scanned user extensions: 9
[2018-12-20 14:24:54.780] [sharedprocess] [info] Scanned system extensions: 71
[2018-12-20 14:24:54.783] [sharedprocess] [info] Scanned system extensions: 71
[2018-12-20 14:24:55.018] [sharedprocess] [info] Scanned user extensions: 9
[2018-12-20 14:25:25.300] [sharedprocess] [info] Starting to clean up unused language packs.
[2018-12-20 14:25:25.301] [sharedprocess] [info] Skipping directory b7bed61c66de9d7bddacb3a8fe1ec728.ru. Language pack still in use.
[2018-12-20 14:29:55.048] [sharedprocess] [info] Scanned user extensions: 9
[2018-12-20 14:34:55.063] [sharedprocess] [info] Scanned user extensions: 9
[2018-12-20 14:39:55.076] [sharedprocess] [info] Scanned user extensions: 9
[2018-12-20 14:44:55.091] [sharedprocess] [info] Scanned user extensions: 9
[2018-12-20 14:49:55.112] [sharedprocess] [info] Scanned user extensions: 9
[2018-12-20 14:54:55.131] [sharedprocess] [info] Scanned user extensions: 9
[2018-12-20 14:59:55.147] [sharedprocess] [info] Scanned user extensions: 9
[2018-12-20 15:04:55.165] [sharedprocess] [info] Scanned user extensions: 9
[2018-12-20 15:09:55.180] [sharedprocess] [info] Scanned user extensions: 9
[2018-12-20 15:14:55.201] [sharedprocess] [info] Scanned user extensions: 9
[2018-12-20 15:19:55.220] [sharedprocess] [info] Scanned user extensions: 9
[2018-12-20 15:24:55.395] [sharedprocess] [info] Scanned user extensions: 9
[2018-12-20 15:29:55.406] [sharedprocess] [info] Scanned user extensions: 9
[2018-12-20 15:34:55.426] [sharedprocess] [info] Scanned user extensions: 9
[2018-12-20 15:39:55.444] [sharedprocess] [info] Scanned user extensions: 9
[2018-12-20 15:44:55.462] [sharedprocess] [info] Scanned user extensions: 9
[2018-12-20 15:49:55.483] [sharedprocess] [info] Scanned user extensions: 9
[2018-12-20 15:54:55.503] [sharedprocess] [info] Scanned user extensions: 9
[2018-12-20 15:59:55.519] [sharedprocess] [info] Scanned user extensions: 9
[2018-12-20 16:04:55.538] [sharedprocess] [info] Scanned user extensions: 9
[2018-12-20 16:09:55.550] [sharedprocess] [info] Scanned user extensions: 9
[2018-12-20 16:14:40.671] [sharedprocess] [info] Scanned user extensions: 9
[2018-12-20 16:14:40.677] [sharedprocess] [info] Scanned user extensions: 9
[2018-12-20 16:14:40.684] [sharedprocess] [info] Scanned user extensions: 9
[2018-12-20 16:14:40.727] [sharedprocess] [info] Scanned system extensions: 71
[2018-12-20 16:14:40.732] [sharedprocess] [info] Scanned system extensions: 71
[2018-12-20 16:14:40.888] [sharedprocess] [info] Scanned user extensions: 9
[2018-12-20 16:14:49.417] [sharedprocess] [info] Scanned user extensions: 9
[2018-12-20 16:14:49.423] [sharedprocess] [info] Scanned user extensions: 9
[2018-12-20 16:14:49.429] [sharedprocess] [info] Scanned user extensions: 9
[2018-12-20 16:14:49.484] [sharedprocess] [info] Scanned system extensions: 71
[2018-12-20 16:14:49.487] [sharedprocess] [info] Scanned system extensions: 71
[2018-12-20 16:14:49.714] [sharedprocess] [info] Scanned user extensions: 9
[2018-12-20 16:14:55.563] [sharedprocess] [info] Scanned user extensions: 9
[2018-12-20 16:19:55.582] [sharedprocess] [info] Scanned user extensions: 9
[2018-12-20 16:24:55.754] [sharedprocess] [info] Scanned user extensions: 9
[2018-12-20 16:29:55.767] [sharedprocess] [info] Scanned user extensions: 9
[2018-12-20 16:34:55.787] [sharedprocess] [info] Scanned user extensions: 9
[2018-12-20 16:39:55.808] [sharedprocess] [info] Scanned user extensions: 9
[2018-12-20 16:44:55.824] [sharedprocess] [info] Scanned user extensions: 9
[2018-12-20 16:49:55.839] [sharedprocess] [info] Scanned user extensions: 9
[2018-12-20 16:54:55.855] [sharedprocess] [info] Scanned user extensions: 9
[2018-12-20 16:59:55.873] [sharedprocess] [info] Scanned user extensions: 9
[2018-12-20 17:04:55.885] [sharedprocess] [info] Scanned user extensions: 9
[2018-12-20 17:09:55.901] [sharedprocess] [info] Scanned user extensions: 9
[2018-12-20 17:14:55.921] [sharedprocess] [info] Scanned user extensions: 9
[2018-12-20 17:19:55.941] [sharedprocess] [info] Scanned user extensions: 9
[2018-12-20 17:24:56.121] [sharedprocess] [info] Scanned user extensions: 9
