Поиск Git в: git
Использование GIT 2.17.1 из git
> git rev-parse --show-toplevel
> git config --get commit.template
Open repository: /home/andrew/Рабочий стол/projects/redux-course-ru-v2
> git status -z -u
> git symbolic-ref --short HEAD
> git rev-parse master
> git rev-parse --symbolic-full-name master@{u}
> git rev-list --left-right master...refs/remotes/origin/master
> git for-each-ref --format %(refname) %(objectname) --sort -committerdate
> git remote --verbose
> git check-ignore -z --stdin
> git check-ignore -z --stdin
> git check-ignore -z --stdin
> git show :src/reducers/index.js
> git show :src/reducers/page.js
> git show :src/reducers/user.js
> git show :src/reducers/page.js
> git show :src/reducers/user.js
> git show :src/actions/PageActions.js
> git show :src/components/App.js
