[2018-12-18 17:49:53.569] [exthost] [info] extension host started
[2018-12-18 17:49:53.585] [exthost] [info] ExtensionService#_doActivateExtension vscode.debug-auto-launch {"startup":true,"activationEvent":"*"}
[2018-12-18 17:49:53.585] [exthost] [info] ExtensionService#loadCommonJSModule /usr/share/code/resources/app/extensions/debug-auto-launch/dist/extension
[2018-12-18 17:49:53.591] [exthost] [info] ExtensionService#_doActivateExtension vscode.emmet {"startup":true,"activationEvent":"*"}
[2018-12-18 17:49:53.591] [exthost] [info] ExtensionService#loadCommonJSModule /usr/share/code/resources/app/extensions/emmet/dist/extension
[2018-12-18 17:49:53.623] [exthost] [info] ExtensionService#_doActivateExtension vscode.git {"startup":true,"activationEvent":"*"}
[2018-12-18 17:49:53.623] [exthost] [info] ExtensionService#loadCommonJSModule /usr/share/code/resources/app/extensions/git/dist/main
[2018-12-18 17:49:53.732] [exthost] [info] ExtensionService#_doActivateExtension vscode.merge-conflict {"startup":true,"activationEvent":"*"}
[2018-12-18 17:49:53.732] [exthost] [info] ExtensionService#loadCommonJSModule /usr/share/code/resources/app/extensions/merge-conflict/dist/extension
[2018-12-18 17:49:53.738] [exthost] [info] ExtensionService#_doActivateExtension vscode.search-rg {"startup":true,"activationEvent":"*"}
[2018-12-18 17:49:53.738] [exthost] [info] ExtensionService#loadCommonJSModule /usr/share/code/resources/app/extensions/search-rg/dist/extension
[2018-12-18 17:49:53.742] [exthost] [info] ExtensionService#_doActivateExtension cssho.vscode-svgviewer {"startup":true,"activationEvent":"*"}
[2018-12-18 17:49:53.742] [exthost] [info] ExtensionService#loadCommonJSModule /home/andrew/.vscode/extensions/cssho.vscode-svgviewer-1.4.7/out/src/extension
[2018-12-18 17:49:53.753] [exthost] [info] ExtensionService#_doActivateExtension dbaeumer.vscode-eslint {"startup":true,"activationEvent":"*"}
[2018-12-18 17:49:53.753] [exthost] [info] ExtensionService#loadCommonJSModule /home/andrew/.vscode/extensions/dbaeumer.vscode-eslint-1.7.2/client/out/extension
[2018-12-18 17:49:53.793] [exthost] [info] ExtensionService#_doActivateExtension esbenp.prettier-vscode {"startup":true,"activationEvent":"*"}
[2018-12-18 17:49:53.793] [exthost] [info] ExtensionService#loadCommonJSModule /home/andrew/.vscode/extensions/esbenp.prettier-vscode-1.7.2/out/src/extension
[2018-12-18 17:49:53.948] [exthost] [info] ExtensionService#_doActivateExtension HookyQR.beautify {"startup":true,"activationEvent":"*"}
[2018-12-18 17:49:53.948] [exthost] [info] ExtensionService#loadCommonJSModule /home/andrew/.vscode/extensions/hookyqr.beautify-1.4.7/extension
[2018-12-18 17:49:53.985] [exthost] [info] eager extensions activated
[2018-12-18 17:50:03.472] [exthost] [info] extension host started
[2018-12-18 17:50:03.490] [exthost] [info] ExtensionService#_doActivateExtension vscode.debug-auto-launch {"startup":true,"activationEvent":"*"}
[2018-12-18 17:50:03.490] [exthost] [info] ExtensionService#loadCommonJSModule /usr/share/code/resources/app/extensions/debug-auto-launch/dist/extension
[2018-12-18 17:50:03.496] [exthost] [info] ExtensionService#_doActivateExtension vscode.emmet {"startup":true,"activationEvent":"*"}
[2018-12-18 17:50:03.496] [exthost] [info] ExtensionService#loadCommonJSModule /usr/share/code/resources/app/extensions/emmet/dist/extension
[2018-12-18 17:50:03.529] [exthost] [info] ExtensionService#_doActivateExtension vscode.git {"startup":true,"activationEvent":"*"}
[2018-12-18 17:50:03.529] [exthost] [info] ExtensionService#loadCommonJSModule /usr/share/code/resources/app/extensions/git/dist/main
[2018-12-18 17:50:03.660] [exthost] [info] ExtensionService#_doActivateExtension vscode.merge-conflict {"startup":true,"activationEvent":"*"}
[2018-12-18 17:50:03.660] [exthost] [info] ExtensionService#loadCommonJSModule /usr/share/code/resources/app/extensions/merge-conflict/dist/extension
[2018-12-18 17:50:03.667] [exthost] [info] ExtensionService#_doActivateExtension vscode.search-rg {"startup":true,"activationEvent":"*"}
[2018-12-18 17:50:03.667] [exthost] [info] ExtensionService#loadCommonJSModule /usr/share/code/resources/app/extensions/search-rg/dist/extension
[2018-12-18 17:50:03.671] [exthost] [info] ExtensionService#_doActivateExtension cssho.vscode-svgviewer {"startup":true,"activationEvent":"*"}
[2018-12-18 17:50:03.671] [exthost] [info] ExtensionService#loadCommonJSModule /home/andrew/.vscode/extensions/cssho.vscode-svgviewer-1.4.7/out/src/extension
[2018-12-18 17:50:03.684] [exthost] [info] ExtensionService#_doActivateExtension dbaeumer.vscode-eslint {"startup":true,"activationEvent":"*"}
[2018-12-18 17:50:03.684] [exthost] [info] ExtensionService#loadCommonJSModule /home/andrew/.vscode/extensions/dbaeumer.vscode-eslint-1.7.2/client/out/extension
[2018-12-18 17:50:03.727] [exthost] [info] ExtensionService#_doActivateExtension esbenp.prettier-vscode {"startup":true,"activationEvent":"*"}
[2018-12-18 17:50:03.727] [exthost] [info] ExtensionService#loadCommonJSModule /home/andrew/.vscode/extensions/esbenp.prettier-vscode-1.7.2/out/src/extension
[2018-12-18 17:50:03.866] [exthost] [info] ExtensionService#_doActivateExtension HookyQR.beautify {"startup":true,"activationEvent":"*"}
[2018-12-18 17:50:03.867] [exthost] [info] ExtensionService#loadCommonJSModule /home/andrew/.vscode/extensions/hookyqr.beautify-1.4.7/extension
[2018-12-18 17:50:03.902] [exthost] [info] eager extensions activated
[2018-12-18 17:50:09.084] [exthost] [info] ExtensionService#_doActivateExtension vscode.typescript-language-features {"startup":false,"activationEvent":"onLanguage:javascript"}
[2018-12-18 17:50:09.084] [exthost] [info] ExtensionService#loadCommonJSModule /usr/share/code/resources/app/extensions/typescript-language-features/dist/extension
[2018-12-18 17:50:23.485] [exthost] [info] ExtensionService#_doActivateExtension vscode.extension-editing {"startup":false,"activationEvent":"onLanguage:typescript"}
[2018-12-18 17:50:23.485] [exthost] [info] ExtensionService#loadCommonJSModule /usr/share/code/resources/app/extensions/extension-editing/dist/extension
