[2018-12-11 12:57:10.117] [exthost] [info] extension host started
[2018-12-11 12:57:10.135] [exthost] [info] ExtensionService#_doActivateExtension vscode.debug-auto-launch {"startup":true,"activationEvent":"*"}
[2018-12-11 12:57:10.135] [exthost] [info] ExtensionService#loadCommonJSModule /usr/share/code/resources/app/extensions/debug-auto-launch/dist/extension
[2018-12-11 12:57:10.143] [exthost] [info] ExtensionService#_doActivateExtension vscode.emmet {"startup":true,"activationEvent":"*"}
[2018-12-11 12:57:10.143] [exthost] [info] ExtensionService#loadCommonJSModule /usr/share/code/resources/app/extensions/emmet/dist/extension
[2018-12-11 12:57:10.182] [exthost] [info] ExtensionService#_doActivateExtension vscode.git {"startup":true,"activationEvent":"*"}
[2018-12-11 12:57:10.182] [exthost] [info] ExtensionService#loadCommonJSModule /usr/share/code/resources/app/extensions/git/dist/main
[2018-12-11 12:57:10.304] [exthost] [info] ExtensionService#_doActivateExtension vscode.merge-conflict {"startup":true,"activationEvent":"*"}
[2018-12-11 12:57:10.304] [exthost] [info] ExtensionService#loadCommonJSModule /usr/share/code/resources/app/extensions/merge-conflict/dist/extension
[2018-12-11 12:57:10.311] [exthost] [info] ExtensionService#_doActivateExtension vscode.search-rg {"startup":true,"activationEvent":"*"}
[2018-12-11 12:57:10.311] [exthost] [info] ExtensionService#loadCommonJSModule /usr/share/code/resources/app/extensions/search-rg/dist/extension
[2018-12-11 12:57:10.316] [exthost] [info] ExtensionService#_doActivateExtension cssho.vscode-svgviewer {"startup":true,"activationEvent":"*"}
[2018-12-11 12:57:10.316] [exthost] [info] ExtensionService#loadCommonJSModule /home/andrew/.vscode/extensions/cssho.vscode-svgviewer-1.4.7/out/src/extension
[2018-12-11 12:57:10.329] [exthost] [info] ExtensionService#_doActivateExtension dbaeumer.vscode-eslint {"startup":true,"activationEvent":"*"}
[2018-12-11 12:57:10.329] [exthost] [info] ExtensionService#loadCommonJSModule /home/andrew/.vscode/extensions/dbaeumer.vscode-eslint-1.7.0/client/out/extension
[2018-12-11 12:57:10.387] [exthost] [info] ExtensionService#_doActivateExtension esbenp.prettier-vscode {"startup":true,"activationEvent":"*"}
[2018-12-11 12:57:10.387] [exthost] [info] ExtensionService#loadCommonJSModule /home/andrew/.vscode/extensions/esbenp.prettier-vscode-1.7.2/out/src/extension
[2018-12-11 12:57:10.557] [exthost] [info] ExtensionService#_doActivateExtension HookyQR.beautify {"startup":true,"activationEvent":"*"}
[2018-12-11 12:57:10.557] [exthost] [info] ExtensionService#loadCommonJSModule /home/andrew/.vscode/extensions/hookyqr.beautify-1.4.7/extension
[2018-12-11 12:57:10.599] [exthost] [info] eager extensions activated
