[2018-12-18 12:27:46.152] [exthost] [info] extension host started
[2018-12-18 12:27:46.166] [exthost] [info] ExtensionService#_doActivateExtension vscode.debug-auto-launch {"startup":true,"activationEvent":"*"}
[2018-12-18 12:27:46.166] [exthost] [info] ExtensionService#loadCommonJSModule /usr/share/code/resources/app/extensions/debug-auto-launch/dist/extension
[2018-12-18 12:27:46.173] [exthost] [info] ExtensionService#_doActivateExtension vscode.emmet {"startup":true,"activationEvent":"*"}
[2018-12-18 12:27:46.173] [exthost] [info] ExtensionService#loadCommonJSModule /usr/share/code/resources/app/extensions/emmet/dist/extension
[2018-12-18 12:27:46.204] [exthost] [info] ExtensionService#_doActivateExtension vscode.git {"startup":true,"activationEvent":"*"}
[2018-12-18 12:27:46.204] [exthost] [info] ExtensionService#loadCommonJSModule /usr/share/code/resources/app/extensions/git/dist/main
[2018-12-18 12:27:46.308] [exthost] [info] ExtensionService#_doActivateExtension vscode.merge-conflict {"startup":true,"activationEvent":"*"}
[2018-12-18 12:27:46.308] [exthost] [info] ExtensionService#loadCommonJSModule /usr/share/code/resources/app/extensions/merge-conflict/dist/extension
[2018-12-18 12:27:46.314] [exthost] [info] ExtensionService#_doActivateExtension vscode.search-rg {"startup":true,"activationEvent":"*"}
[2018-12-18 12:27:46.314] [exthost] [info] ExtensionService#loadCommonJSModule /usr/share/code/resources/app/extensions/search-rg/dist/extension
[2018-12-18 12:27:46.318] [exthost] [info] ExtensionService#_doActivateExtension cssho.vscode-svgviewer {"startup":true,"activationEvent":"*"}
[2018-12-18 12:27:46.318] [exthost] [info] ExtensionService#loadCommonJSModule /home/andrew/.vscode/extensions/cssho.vscode-svgviewer-1.4.7/out/src/extension
[2018-12-18 12:27:46.330] [exthost] [info] ExtensionService#_doActivateExtension dbaeumer.vscode-eslint {"startup":true,"activationEvent":"*"}
[2018-12-18 12:27:46.330] [exthost] [info] ExtensionService#loadCommonJSModule /home/andrew/.vscode/extensions/dbaeumer.vscode-eslint-1.7.2/client/out/extension
[2018-12-18 12:27:46.370] [exthost] [info] ExtensionService#_doActivateExtension esbenp.prettier-vscode {"startup":true,"activationEvent":"*"}
[2018-12-18 12:27:46.370] [exthost] [info] ExtensionService#loadCommonJSModule /home/andrew/.vscode/extensions/esbenp.prettier-vscode-1.7.2/out/src/extension
[2018-12-18 12:27:46.497] [exthost] [info] ExtensionService#_doActivateExtension HookyQR.beautify {"startup":true,"activationEvent":"*"}
[2018-12-18 12:27:46.497] [exthost] [info] ExtensionService#loadCommonJSModule /home/andrew/.vscode/extensions/hookyqr.beautify-1.4.7/extension
[2018-12-18 12:27:46.531] [exthost] [info] eager extensions activated
[2018-12-18 12:27:52.984] [exthost] [info] extension host started
[2018-12-18 12:27:53.000] [exthost] [info] ExtensionService#_doActivateExtension vscode.debug-auto-launch {"startup":true,"activationEvent":"*"}
[2018-12-18 12:27:53.000] [exthost] [info] ExtensionService#loadCommonJSModule /usr/share/code/resources/app/extensions/debug-auto-launch/dist/extension
[2018-12-18 12:27:53.005] [exthost] [info] ExtensionService#_doActivateExtension vscode.emmet {"startup":true,"activationEvent":"*"}
[2018-12-18 12:27:53.005] [exthost] [info] ExtensionService#loadCommonJSModule /usr/share/code/resources/app/extensions/emmet/dist/extension
[2018-12-18 12:27:53.042] [exthost] [info] ExtensionService#_doActivateExtension vscode.git {"startup":true,"activationEvent":"*"}
[2018-12-18 12:27:53.042] [exthost] [info] ExtensionService#loadCommonJSModule /usr/share/code/resources/app/extensions/git/dist/main
[2018-12-18 12:27:53.159] [exthost] [info] ExtensionService#_doActivateExtension vscode.merge-conflict {"startup":true,"activationEvent":"*"}
[2018-12-18 12:27:53.159] [exthost] [info] ExtensionService#loadCommonJSModule /usr/share/code/resources/app/extensions/merge-conflict/dist/extension
[2018-12-18 12:27:53.165] [exthost] [info] ExtensionService#_doActivateExtension vscode.search-rg {"startup":true,"activationEvent":"*"}
[2018-12-18 12:27:53.165] [exthost] [info] ExtensionService#loadCommonJSModule /usr/share/code/resources/app/extensions/search-rg/dist/extension
[2018-12-18 12:27:53.169] [exthost] [info] ExtensionService#_doActivateExtension cssho.vscode-svgviewer {"startup":true,"activationEvent":"*"}
[2018-12-18 12:27:53.169] [exthost] [info] ExtensionService#loadCommonJSModule /home/andrew/.vscode/extensions/cssho.vscode-svgviewer-1.4.7/out/src/extension
[2018-12-18 12:27:53.180] [exthost] [info] ExtensionService#_doActivateExtension dbaeumer.vscode-eslint {"startup":true,"activationEvent":"*"}
[2018-12-18 12:27:53.180] [exthost] [info] ExtensionService#loadCommonJSModule /home/andrew/.vscode/extensions/dbaeumer.vscode-eslint-1.7.2/client/out/extension
[2018-12-18 12:27:53.220] [exthost] [info] ExtensionService#_doActivateExtension esbenp.prettier-vscode {"startup":true,"activationEvent":"*"}
[2018-12-18 12:27:53.220] [exthost] [info] ExtensionService#loadCommonJSModule /home/andrew/.vscode/extensions/esbenp.prettier-vscode-1.7.2/out/src/extension
[2018-12-18 12:27:53.350] [exthost] [info] ExtensionService#_doActivateExtension HookyQR.beautify {"startup":true,"activationEvent":"*"}
[2018-12-18 12:27:53.350] [exthost] [info] ExtensionService#loadCommonJSModule /home/andrew/.vscode/extensions/hookyqr.beautify-1.4.7/extension
[2018-12-18 12:27:53.384] [exthost] [info] eager extensions activated
[2018-12-18 12:28:41.320] [exthost] [info] ExtensionService#_doActivateExtension vscode.css-language-features {"startup":false,"activationEvent":"onLanguage:scss"}
[2018-12-18 12:28:41.320] [exthost] [info] ExtensionService#loadCommonJSModule /usr/share/code/resources/app/extensions/css-language-features/client/dist/cssMain
[2018-12-18 12:29:20.365] [exthost] [info] ExtensionService#_doActivateExtension vscode.typescript-language-features {"startup":false,"activationEvent":"onLanguage:javascript"}
[2018-12-18 12:29:20.365] [exthost] [info] ExtensionService#loadCommonJSModule /usr/share/code/resources/app/extensions/typescript-language-features/dist/extension
[2018-12-18 12:29:56.918] [exthost] [info] ExtensionService#_doActivateExtension vscode.extension-editing {"startup":false,"activationEvent":"onLanguage:typescript"}
[2018-12-18 12:29:56.918] [exthost] [info] ExtensionService#loadCommonJSModule /usr/share/code/resources/app/extensions/extension-editing/dist/extension
[2018-12-18 13:15:28.325] [exthost] [info] ExtensionService#_doActivateExtension vscode.html-language-features {"startup":false,"activationEvent":"onLanguage:html"}
[2018-12-18 13:15:28.325] [exthost] [info] ExtensionService#loadCommonJSModule /usr/share/code/resources/app/extensions/html-language-features/client/dist/htmlMain
[2018-12-18 13:15:28.388] [exthost] [info] ExtensionService#_doActivateExtension mohd-akram.vscode-html-format {"startup":false,"activationEvent":"onLanguage:html"}
[2018-12-18 13:15:28.388] [exthost] [info] ExtensionService#loadCommonJSModule /home/andrew/.vscode/extensions/mohd-akram.vscode-html-format-0.0.3/out/extension
[2018-12-18 13:47:34.296] [exthost] [info] ExtensionService#_doActivateExtension vscode.configuration-editing {"startup":false,"activationEvent":"onLanguage:jsonc"}
[2018-12-18 13:47:34.297] [exthost] [info] ExtensionService#loadCommonJSModule /usr/share/code/resources/app/extensions/configuration-editing/dist/extension
[2018-12-18 13:47:34.311] [exthost] [info] ExtensionService#_doActivateExtension vscode.json-language-features {"startup":false,"activationEvent":"onLanguage:jsonc"}
[2018-12-18 13:47:34.311] [exthost] [info] ExtensionService#loadCommonJSModule /usr/share/code/resources/app/extensions/json-language-features/client/dist/jsonMain
