[2018-12-14 11:45:24.865] [sharedprocess] [info] main {"machineId":"32bb7b4cfa401785324cb23b7bc27605939798aafce5924984ed680bdc653e58"}
[2018-12-14 11:45:24.927] [sharedprocess] [info] Scanned user extensions: 9
[2018-12-14 11:45:24.966] [sharedprocess] [info] Scanned user extensions: 9
[2018-12-14 11:45:24.969] [sharedprocess] [info] Scanned user extensions: 9
[2018-12-14 11:45:24.972] [sharedprocess] [info] Scanned user extensions: 9
[2018-12-14 11:45:25.027] [sharedprocess] [info] Scanned system extensions: 71
[2018-12-14 11:45:25.028] [sharedprocess] [info] Deleted from disk dbaeumer.vscode-eslint-1.7.0
[2018-12-14 11:45:25.031] [sharedprocess] [info] Scanned system extensions: 71
[2018-12-14 11:45:25.034] [sharedprocess] [info] Scanned system extensions: 71
[2018-12-14 11:45:25.060] [sharedprocess] [info] Scanned user extensions: 9
[2018-12-14 11:45:31.288] [sharedprocess] [info] Scanned user extensions: 9
[2018-12-14 11:45:31.294] [sharedprocess] [info] Scanned user extensions: 9
[2018-12-14 11:45:31.297] [sharedprocess] [info] Scanned user extensions: 9
[2018-12-14 11:45:31.356] [sharedprocess] [info] Scanned system extensions: 71
[2018-12-14 11:45:31.359] [sharedprocess] [info] Scanned system extensions: 71
[2018-12-14 11:45:31.428] [sharedprocess] [info] Scanned user extensions: 9
[2018-12-14 11:45:50.091] [sharedprocess] [info] Scanned user extensions: 9
[2018-12-14 11:45:50.093] [sharedprocess] [info] Scanned user extensions: 9
[2018-12-14 11:45:50.097] [sharedprocess] [info] Scanned user extensions: 9
[2018-12-14 11:45:50.166] [sharedprocess] [info] Scanned system extensions: 71
[2018-12-14 11:45:50.173] [sharedprocess] [info] Scanned system extensions: 71
[2018-12-14 11:45:50.375] [sharedprocess] [info] Scanned user extensions: 9
[2018-12-14 11:46:04.868] [sharedprocess] [info] Starting to clean up unused language packs.
[2018-12-14 11:46:04.869] [sharedprocess] [info] Skipping directory b7bed61c66de9d7bddacb3a8fe1ec728.ru. Language pack still in use.
[2018-12-14 11:50:50.456] [sharedprocess] [info] Scanned user extensions: 9
[2018-12-14 11:55:50.467] [sharedprocess] [info] Scanned user extensions: 9
[2018-12-14 12:00:50.485] [sharedprocess] [info] Scanned user extensions: 9
[2018-12-14 12:05:50.501] [sharedprocess] [info] Scanned user extensions: 9
[2018-12-14 12:10:50.517] [sharedprocess] [info] Scanned user extensions: 9
[2018-12-14 12:15:50.531] [sharedprocess] [info] Scanned user extensions: 9
[2018-12-14 12:20:50.548] [sharedprocess] [info] Scanned user extensions: 9
[2018-12-14 12:25:50.564] [sharedprocess] [info] Scanned user extensions: 9
[2018-12-14 12:30:50.582] [sharedprocess] [info] Scanned user extensions: 9
[2018-12-14 12:35:50.600] [sharedprocess] [info] Scanned user extensions: 9
[2018-12-14 12:40:50.613] [sharedprocess] [info] Scanned user extensions: 9
[2018-12-14 12:45:50.760] [sharedprocess] [info] Scanned user extensions: 9
[2018-12-14 12:50:50.777] [sharedprocess] [info] Scanned user extensions: 9
[2018-12-14 12:55:50.790] [sharedprocess] [info] Scanned user extensions: 9
[2018-12-14 13:00:50.807] [sharedprocess] [info] Scanned user extensions: 9
[2018-12-14 13:05:50.823] [sharedprocess] [info] Scanned user extensions: 9
[2018-12-14 13:10:50.841] [sharedprocess] [info] Scanned user extensions: 9
[2018-12-14 13:15:50.857] [sharedprocess] [info] Scanned user extensions: 9
[2018-12-14 13:20:50.870] [sharedprocess] [info] Scanned user extensions: 9
[2018-12-14 13:25:50.889] [sharedprocess] [info] Scanned user extensions: 9
[2018-12-14 13:30:50.908] [sharedprocess] [info] Scanned user extensions: 9
[2018-12-14 13:35:50.926] [sharedprocess] [info] Scanned user extensions: 9
[2018-12-14 13:40:50.946] [sharedprocess] [info] Scanned user extensions: 9
[2018-12-14 13:45:51.075] [sharedprocess] [info] Scanned user extensions: 9
[2018-12-14 13:50:51.090] [sharedprocess] [info] Scanned user extensions: 9
[2018-12-14 13:55:51.109] [sharedprocess] [info] Scanned user extensions: 9
[2018-12-14 14:00:51.120] [sharedprocess] [info] Scanned user extensions: 9
[2018-12-14 14:05:51.134] [sharedprocess] [info] Scanned user extensions: 9
[2018-12-14 14:10:51.144] [sharedprocess] [info] Scanned user extensions: 9
[2018-12-14 14:15:51.159] [sharedprocess] [info] Scanned user extensions: 9
[2018-12-14 14:20:51.178] [sharedprocess] [info] Scanned user extensions: 9
[2018-12-14 14:25:51.191] [sharedprocess] [info] Scanned user extensions: 9
[2018-12-14 14:30:51.208] [sharedprocess] [info] Scanned user extensions: 9
[2018-12-14 14:35:51.223] [sharedprocess] [info] Scanned user extensions: 9
[2018-12-14 14:40:51.240] [sharedprocess] [info] Scanned user extensions: 9
[2018-12-14 14:45:51.394] [sharedprocess] [info] Scanned user extensions: 9
[2018-12-14 14:50:51.419] [sharedprocess] [info] Scanned user extensions: 9
[2018-12-14 14:55:51.437] [sharedprocess] [info] Scanned user extensions: 9
[2018-12-14 15:00:51.453] [sharedprocess] [info] Scanned user extensions: 9
[2018-12-14 15:05:51.470] [sharedprocess] [info] Scanned user extensions: 9
[2018-12-14 15:10:51.490] [sharedprocess] [info] Scanned user extensions: 9
[2018-12-14 15:15:51.508] [sharedprocess] [info] Scanned user extensions: 9
[2018-12-14 15:20:51.531] [sharedprocess] [info] Scanned user extensions: 9
[2018-12-14 15:25:51.544] [sharedprocess] [info] Scanned user extensions: 9
[2018-12-14 15:30:51.564] [sharedprocess] [info] Scanned user extensions: 9
[2018-12-14 15:35:51.578] [sharedprocess] [info] Scanned user extensions: 9
[2018-12-14 15:40:51.593] [sharedprocess] [info] Scanned user extensions: 9
[2018-12-14 15:45:51.774] [sharedprocess] [info] Scanned user extensions: 9
[2018-12-14 15:50:51.788] [sharedprocess] [info] Scanned user extensions: 9
[2018-12-14 15:55:51.802] [sharedprocess] [info] Scanned user extensions: 9
[2018-12-14 16:00:51.819] [sharedprocess] [info] Scanned user extensions: 9
[2018-12-14 16:05:51.835] [sharedprocess] [info] Scanned user extensions: 9
[2018-12-14 16:10:51.845] [sharedprocess] [info] Scanned user extensions: 9
[2018-12-14 16:15:51.862] [sharedprocess] [info] Scanned user extensions: 9
[2018-12-14 16:20:51.880] [sharedprocess] [info] Scanned user extensions: 9
[2018-12-14 16:25:51.900] [sharedprocess] [info] Scanned user extensions: 9
[2018-12-14 16:30:51.918] [sharedprocess] [info] Scanned user extensions: 9
[2018-12-14 16:35:51.939] [sharedprocess] [info] Scanned user extensions: 9
[2018-12-14 16:40:51.954] [sharedprocess] [info] Scanned user extensions: 9
[2018-12-14 16:45:52.121] [sharedprocess] [info] Scanned user extensions: 9
[2018-12-14 16:50:52.139] [sharedprocess] [info] Scanned user extensions: 9
[2018-12-14 16:55:52.150] [sharedprocess] [info] Scanned user extensions: 9
[2018-12-14 17:00:52.168] [sharedprocess] [info] Scanned user extensions: 9
[2018-12-14 17:05:52.184] [sharedprocess] [info] Scanned user extensions: 9
[2018-12-14 17:10:52.197] [sharedprocess] [info] Scanned user extensions: 9
[2018-12-14 17:15:52.211] [sharedprocess] [info] Scanned user extensions: 9
[2018-12-14 17:20:52.227] [sharedprocess] [info] Scanned user extensions: 9
[2018-12-14 17:25:52.247] [sharedprocess] [info] Scanned user extensions: 9
[2018-12-14 17:30:52.263] [sharedprocess] [info] Scanned user extensions: 9
[2018-12-14 17:35:52.278] [sharedprocess] [info] Scanned user extensions: 9
[2018-12-14 17:40:52.291] [sharedprocess] [info] Scanned user extensions: 9
[2018-12-14 17:45:52.467] [sharedprocess] [info] Scanned user extensions: 9
[2018-12-14 17:50:52.482] [sharedprocess] [info] Scanned user extensions: 9
[2018-12-14 17:55:52.500] [sharedprocess] [info] Scanned user extensions: 9
[2018-12-14 18:00:52.513] [sharedprocess] [info] Scanned user extensions: 9
[2018-12-14 18:05:52.532] [sharedprocess] [info] Scanned user extensions: 9
[2018-12-14 18:10:52.551] [sharedprocess] [info] Scanned user extensions: 9
[2018-12-14 18:15:52.568] [sharedprocess] [info] Scanned user extensions: 9
[2018-12-14 18:20:52.585] [sharedprocess] [info] Scanned user extensions: 9
[2018-12-14 18:25:52.599] [sharedprocess] [info] Scanned user extensions: 9
[2018-12-14 18:30:52.618] [sharedprocess] [info] Scanned user extensions: 9
[2018-12-14 18:35:52.634] [sharedprocess] [info] Scanned user extensions: 9
[2018-12-14 18:40:52.651] [sharedprocess] [info] Scanned user extensions: 9
[2018-12-14 18:45:52.878] [sharedprocess] [info] Scanned user extensions: 9
[2018-12-14 18:50:52.892] [sharedprocess] [info] Scanned user extensions: 9
[2018-12-14 18:55:52.912] [sharedprocess] [info] Scanned user extensions: 9
[2018-12-14 19:00:52.930] [sharedprocess] [info] Scanned user extensions: 9
[2018-12-14 19:05:52.945] [sharedprocess] [info] Scanned user extensions: 9
[2018-12-14 19:10:52.956] [sharedprocess] [info] Scanned user extensions: 9
