[2018-12-18 12:27:48.288] [sharedprocess] [info] main {"machineId":"32bb7b4cfa401785324cb23b7bc27605939798aafce5924984ed680bdc653e58"}
[2018-12-18 12:27:48.337] [sharedprocess] [info] Scanned user extensions: 9
[2018-12-18 12:27:48.400] [sharedprocess] [info] Scanned user extensions: 9
[2018-12-18 12:27:48.404] [sharedprocess] [info] Scanned user extensions: 9
[2018-12-18 12:27:48.407] [sharedprocess] [info] Scanned user extensions: 9
[2018-12-18 12:27:48.451] [sharedprocess] [info] Scanned system extensions: 71
[2018-12-18 12:27:48.455] [sharedprocess] [info] Scanned system extensions: 71
[2018-12-18 12:27:48.458] [sharedprocess] [info] Scanned system extensions: 71
[2018-12-18 12:27:48.504] [sharedprocess] [info] Scanned user extensions: 9
[2018-12-18 12:27:52.752] [sharedprocess] [info] Scanned user extensions: 9
[2018-12-18 12:27:52.754] [sharedprocess] [info] Scanned user extensions: 9
[2018-12-18 12:27:52.756] [sharedprocess] [info] Scanned user extensions: 9
[2018-12-18 12:27:52.805] [sharedprocess] [info] Scanned system extensions: 71
[2018-12-18 12:27:52.809] [sharedprocess] [info] Scanned system extensions: 71
[2018-12-18 12:27:53.019] [sharedprocess] [info] Scanned user extensions: 9
[2018-12-18 12:28:28.294] [sharedprocess] [info] Starting to clean up unused language packs.
[2018-12-18 12:28:28.297] [sharedprocess] [info] Skipping directory b7bed61c66de9d7bddacb3a8fe1ec728.ru. Language pack still in use.
[2018-12-18 12:32:53.055] [sharedprocess] [info] Scanned user extensions: 9
[2018-12-18 12:37:53.072] [sharedprocess] [info] Scanned user extensions: 9
[2018-12-18 12:42:53.091] [sharedprocess] [info] Scanned user extensions: 9
[2018-12-18 12:47:53.102] [sharedprocess] [info] Scanned user extensions: 9
[2018-12-18 12:52:53.113] [sharedprocess] [info] Scanned user extensions: 9
[2018-12-18 12:57:53.132] [sharedprocess] [info] Scanned user extensions: 9
[2018-12-18 13:02:53.146] [sharedprocess] [info] Scanned user extensions: 9
[2018-12-18 13:07:53.164] [sharedprocess] [info] Scanned user extensions: 9
[2018-12-18 13:12:53.187] [sharedprocess] [info] Scanned user extensions: 9
[2018-12-18 13:17:53.208] [sharedprocess] [info] Scanned user extensions: 9
[2018-12-18 13:22:53.228] [sharedprocess] [info] Scanned user extensions: 9
[2018-12-18 13:27:53.410] [sharedprocess] [info] Scanned user extensions: 9
[2018-12-18 13:32:53.424] [sharedprocess] [info] Scanned user extensions: 9
[2018-12-18 13:37:53.444] [sharedprocess] [info] Scanned user extensions: 9
[2018-12-18 13:42:53.459] [sharedprocess] [info] Scanned user extensions: 9
[2018-12-18 13:47:53.477] [sharedprocess] [info] Scanned user extensions: 9
[2018-12-18 13:52:53.497] [sharedprocess] [info] Scanned user extensions: 9
[2018-12-18 13:57:53.520] [sharedprocess] [info] Scanned user extensions: 9
[2018-12-18 14:02:53.531] [sharedprocess] [info] Scanned user extensions: 9
[2018-12-18 14:07:53.548] [sharedprocess] [info] Scanned user extensions: 9
[2018-12-18 14:12:53.567] [sharedprocess] [info] Scanned user extensions: 9
[2018-12-18 14:17:53.582] [sharedprocess] [info] Scanned user extensions: 9
[2018-12-18 14:22:53.601] [sharedprocess] [info] Scanned user extensions: 9
[2018-12-18 14:27:53.773] [sharedprocess] [info] Scanned user extensions: 9
[2018-12-18 14:32:53.792] [sharedprocess] [info] Scanned user extensions: 9
[2018-12-18 14:37:53.806] [sharedprocess] [info] Scanned user extensions: 9
[2018-12-18 14:42:53.823] [sharedprocess] [info] Scanned user extensions: 9
[2018-12-18 14:47:53.843] [sharedprocess] [info] Scanned user extensions: 9
[2018-12-18 14:52:53.856] [sharedprocess] [info] Scanned user extensions: 9
[2018-12-18 14:57:53.872] [sharedprocess] [info] Scanned user extensions: 9
[2018-12-18 15:02:53.882] [sharedprocess] [info] Scanned user extensions: 9
[2018-12-18 15:07:53.899] [sharedprocess] [info] Scanned user extensions: 9
[2018-12-18 15:12:53.919] [sharedprocess] [info] Scanned user extensions: 9
[2018-12-18 15:17:53.937] [sharedprocess] [info] Scanned user extensions: 9
[2018-12-18 15:22:53.955] [sharedprocess] [info] Scanned user extensions: 9
[2018-12-18 15:27:54.163] [sharedprocess] [info] Scanned user extensions: 9
[2018-12-18 15:32:54.181] [sharedprocess] [info] Scanned user extensions: 9
[2018-12-18 15:37:54.196] [sharedprocess] [info] Scanned user extensions: 9
[2018-12-18 15:42:54.213] [sharedprocess] [info] Scanned user extensions: 9
[2018-12-18 15:47:54.233] [sharedprocess] [info] Scanned user extensions: 9
[2018-12-18 15:52:54.247] [sharedprocess] [info] Scanned user extensions: 9
[2018-12-18 15:57:54.257] [sharedprocess] [info] Scanned user extensions: 9
[2018-12-18 16:02:54.275] [sharedprocess] [info] Scanned user extensions: 9
[2018-12-18 16:07:54.284] [sharedprocess] [info] Scanned user extensions: 9
[2018-12-18 16:12:54.304] [sharedprocess] [info] Scanned user extensions: 9
[2018-12-18 16:17:54.323] [sharedprocess] [info] Scanned user extensions: 9
[2018-12-18 16:22:54.338] [sharedprocess] [info] Scanned user extensions: 9
[2018-12-18 16:27:54.517] [sharedprocess] [info] Scanned user extensions: 9
[2018-12-18 16:32:54.533] [sharedprocess] [info] Scanned user extensions: 9
[2018-12-18 16:37:54.547] [sharedprocess] [info] Scanned user extensions: 9
[2018-12-18 16:42:54.562] [sharedprocess] [info] Scanned user extensions: 9
[2018-12-18 16:47:54.578] [sharedprocess] [info] Scanned user extensions: 9
[2018-12-18 16:52:54.595] [sharedprocess] [info] Scanned user extensions: 9
[2018-12-18 16:57:54.619] [sharedprocess] [info] Scanned user extensions: 9
[2018-12-18 17:02:54.638] [sharedprocess] [info] Scanned user extensions: 9
[2018-12-18 17:07:54.660] [sharedprocess] [info] Scanned user extensions: 9
[2018-12-18 17:12:54.675] [sharedprocess] [info] Scanned user extensions: 9
[2018-12-18 17:17:54.685] [sharedprocess] [info] Scanned user extensions: 9
[2018-12-18 17:22:54.696] [sharedprocess] [info] Scanned user extensions: 9
[2018-12-18 17:27:54.862] [sharedprocess] [info] Scanned user extensions: 9
[2018-12-18 17:32:54.880] [sharedprocess] [info] Scanned user extensions: 9
[2018-12-18 17:37:54.899] [sharedprocess] [info] Scanned user extensions: 9
[2018-12-18 17:42:54.918] [sharedprocess] [info] Scanned user extensions: 9
[2018-12-18 17:47:54.931] [sharedprocess] [info] Scanned user extensions: 9
[2018-12-18 17:49:53.395] [sharedprocess] [info] Scanned user extensions: 9
[2018-12-18 17:49:53.397] [sharedprocess] [info] Scanned user extensions: 9
[2018-12-18 17:49:53.401] [sharedprocess] [info] Scanned user extensions: 9
[2018-12-18 17:49:53.451] [sharedprocess] [info] Scanned system extensions: 71
[2018-12-18 17:49:53.455] [sharedprocess] [info] Scanned system extensions: 71
[2018-12-18 17:49:53.558] [sharedprocess] [info] Scanned user extensions: 9
[2018-12-18 17:49:55.413] [sharedprocess] [info] Installing extension: prettier-vscode
[2018-12-18 17:49:55.418] [sharedprocess] [info] Scanned user extensions: 9
[2018-12-18 17:50:03.294] [sharedprocess] [info] Scanned user extensions: 9
[2018-12-18 17:50:03.303] [sharedprocess] [info] Scanned user extensions: 9
[2018-12-18 17:50:03.305] [sharedprocess] [info] Scanned user extensions: 9
[2018-12-18 17:50:03.369] [sharedprocess] [info] Scanned system extensions: 71
[2018-12-18 17:50:03.373] [sharedprocess] [info] Scanned system extensions: 71
[2018-12-18 17:50:03.578] [sharedprocess] [info] Scanned user extensions: 9
[2018-12-18 17:50:17.279] [sharedprocess] [info] Downloaded extension: prettier-vscode /tmp/6886f699-4bd5-4fdd-8a18-b8e7854690f9
[2018-12-18 17:50:22.439] [sharedprocess] [info] Extracted extension to /home/andrew/.vscode/extensions/.esbenp.prettier-vscode-1.7.3: esbenp.prettier-vscode-1.7.3
[2018-12-18 17:50:22.439] [sharedprocess] [info] Renamed to /home/andrew/.vscode/extensions/esbenp.prettier-vscode-1.7.3
[2018-12-18 17:50:22.439] [sharedprocess] [info] Installation completed. esbenp.prettier-vscode-1.7.3
[2018-12-18 17:50:22.461] [sharedprocess] [info] Extensions installed successfully: esbenp.prettier-vscode
[2018-12-18 17:50:22.575] [sharedprocess] [info] Scanned user extensions: 9
[2018-12-18 17:50:22.577] [sharedprocess] [info] Scanned user extensions: 9
[2018-12-18 17:50:22.602] [sharedprocess] [info] Scanned system extensions: 71
[2018-12-18 17:50:22.604] [sharedprocess] [info] Scanned system extensions: 71
[2018-12-18 17:52:54.947] [sharedprocess] [info] Scanned user extensions: 9
[2018-12-18 17:55:03.623] [sharedprocess] [info] Scanned user extensions: 9
[2018-12-18 17:57:54.968] [sharedprocess] [info] Scanned user extensions: 9
[2018-12-18 18:00:03.640] [sharedprocess] [info] Scanned user extensions: 9
[2018-12-18 18:02:54.987] [sharedprocess] [info] Scanned user extensions: 9
[2018-12-18 18:05:03.652] [sharedprocess] [info] Scanned user extensions: 9
[2018-12-18 18:07:55.006] [sharedprocess] [info] Scanned user extensions: 9
[2018-12-18 18:10:03.669] [sharedprocess] [info] Scanned user extensions: 9
[2018-12-18 18:12:55.015] [sharedprocess] [info] Scanned user extensions: 9
[2018-12-18 18:15:03.681] [sharedprocess] [info] Scanned user extensions: 9
[2018-12-18 18:17:55.031] [sharedprocess] [info] Scanned user extensions: 9
[2018-12-18 18:20:03.689] [sharedprocess] [info] Scanned user extensions: 9
[2018-12-18 18:22:55.052] [sharedprocess] [info] Scanned user extensions: 9
[2018-12-18 18:25:03.701] [sharedprocess] [info] Scanned user extensions: 9
[2018-12-18 18:27:55.455] [sharedprocess] [info] Scanned user extensions: 9
[2018-12-18 18:30:03.718] [sharedprocess] [info] Scanned user extensions: 9
