[Info  - 12:29:20] ESLint server stopped.
[Info  - 12:29:20] ESLint server running in node v8.9.3
[Info  - 12:29:20] ESLint server is running.
[Info  - 12:29:21] ESLint library loaded from: /home/andrew/Рабочий стол/projects/react-cinematography/node_modules/eslint/lib/api.js
[Warn  - 12:29:21] 
No ESLint configuration (e.g .eslintrc) found for file: /home/andrew/Рабочий стол/projects/react-cinematography/src/containers/app/index.js
File will not be validated. Consider running 'eslint --init' in the workspace folder react-cinematography
Alternatively you can disable ESLint by executing the 'Disable ESLint' command.
[Warn  - 12:37:44] 
No ESLint configuration (e.g .eslintrc) found for file: /home/andrew/Рабочий стол/projects/react-cinematography/src/components/Header/index.js
File will not be validated. Consider running 'eslint --init' in the workspace folder react-cinematography
Alternatively you can disable ESLint by executing the 'Disable ESLint' command.
[Warn  - 14:05:48] 
No ESLint configuration (e.g .eslintrc) found for file: /home/andrew/Рабочий стол/projects/react-cinematography/src/components/Search/index.js
File will not be validated. Consider running 'eslint --init' in the workspace folder react-cinematography
Alternatively you can disable ESLint by executing the 'Disable ESLint' command.
[Warn  - 15:48:28] 
No ESLint configuration (e.g .eslintrc) found for file: /home/andrew/Рабочий стол/projects/react-cinematography/src/containers/searchResults/searchResults.js
File will not be validated. Consider running 'eslint --init' in the workspace folder react-cinematography
Alternatively you can disable ESLint by executing the 'Disable ESLint' command.
[Warn  - 15:49:29] 
No ESLint configuration (e.g .eslintrc) found for file: /home/andrew/Рабочий стол/projects/react-cinematography/src/containers/searchResults/index.js
File will not be validated. Consider running 'eslint --init' in the workspace folder react-cinematography
Alternatively you can disable ESLint by executing the 'Disable ESLint' command.
[Warn  - 15:49:40] 
No ESLint configuration (e.g .eslintrc) found for file: /home/andrew/Рабочий стол/projects/react-cinematography/src/containers/App/index.js
File will not be validated. Consider running 'eslint --init' in the workspace folder react-cinematography
Alternatively you can disable ESLint by executing the 'Disable ESLint' command.
[Warn  - 15:51:18] 
No ESLint configuration (e.g .eslintrc) found for file: /home/andrew/Рабочий стол/projects/react-cinematography/src/index.js
File will not be validated. Consider running 'eslint --init' in the workspace folder react-cinematography
Alternatively you can disable ESLint by executing the 'Disable ESLint' command.
[Warn  - 15:55:14] 
No ESLint configuration (e.g .eslintrc) found for file: /home/andrew/Рабочий стол/projects/react-cinematography/src/containers/SearchResults/index.js
File will not be validated. Consider running 'eslint --init' in the workspace folder react-cinematography
Alternatively you can disable ESLint by executing the 'Disable ESLint' command.
[Warn  - 16:18:08] 
No ESLint configuration (e.g .eslintrc) found for file: /home/andrew/Рабочий стол/projects/react-cinematography/src/store.js
File will not be validated. Consider running 'eslint --init' in the workspace folder react-cinematography
Alternatively you can disable ESLint by executing the 'Disable ESLint' command.
[Warn  - 16:32:15] 
No ESLint configuration (e.g .eslintrc) found for file: /home/andrew/Рабочий стол/projects/react-cinematography/src/actions/searchRequest.js
File will not be validated. Consider running 'eslint --init' in the workspace folder react-cinematography
Alternatively you can disable ESLint by executing the 'Disable ESLint' command.
[Warn  - 16:42:49] 
No ESLint configuration (e.g .eslintrc) found for file: /home/andrew/Рабочий стол/projects/react-cinematography/src/reducers/index.js
File will not be validated. Consider running 'eslint --init' in the workspace folder react-cinematography
Alternatively you can disable ESLint by executing the 'Disable ESLint' command.
[Warn  - 16:43:57] 
No ESLint configuration (e.g .eslintrc) found for file: /home/andrew/Рабочий стол/projects/react-cinematography/src/reducers/counter.js
File will not be validated. Consider running 'eslint --init' in the workspace folder react-cinematography
Alternatively you can disable ESLint by executing the 'Disable ESLint' command.
[Warn  - 16:46:39] 
No ESLint configuration (e.g .eslintrc) found for file: /home/andrew/Рабочий стол/projects/react-cinematography/src/components/SearchResults/index.js
File will not be validated. Consider running 'eslint --init' in the workspace folder react-cinematography
Alternatively you can disable ESLint by executing the 'Disable ESLint' command.
