[2018-12-11 11:21:00.353] [renderer1] [info] no standard startup: not the explorer viewlet
[2018-12-11 11:21:51.662] [renderer1] [info] no standard startup: not just one text editor
[2018-12-11 16:51:32.968] [renderer1] [error] cannot open file:///home/andrew/%D0%A0%D0%B0%D0%B1%D0%BE%D1%87%D0%B8%D0%B9%20%D1%81%D1%82%D0%BE%D0%BB/projects/react-cinematography/src/compobnents. Detail: File is directory: Error: cannot open file:///home/andrew/%D0%A0%D0%B0%D0%B1%D0%BE%D1%87%D0%B8%D0%B9%20%D1%81%D1%82%D0%BE%D0%BB/projects/react-cinematography/src/compobnents. Detail: File is directory
    at file:///usr/share/code/resources/app/out/vs/workbench/workbench.main.js:4319:753
    at Object.m [as _notify] (file:///usr/share/code/resources/app/out/vs/workbench/workbench.main.js:161:302)
    at Object.enter (file:///usr/share/code/resources/app/out/vs/workbench/workbench.main.js:164:568)
    at n.Class.derive._creator._run (file:///usr/share/code/resources/app/out/vs/workbench/workbench.main.js:165:902)
    at n.Class.derive._creator._chainedError (file:///usr/share/code/resources/app/out/vs/workbench/workbench.main.js:165:261)
    at n (file:///usr/share/code/resources/app/out/vs/workbench/workbench.main.js:163:40)
    at n.Class.define.cancel.then (file:///usr/share/code/resources/app/out/vs/workbench/workbench.main.js:166:736)
    at Object.enter (file:///usr/share/code/resources/app/out/vs/workbench/workbench.main.js:163:109)
    at n.Class.derive._creator._run (file:///usr/share/code/resources/app/out/vs/workbench/workbench.main.js:165:902)
    at n.Class.derive._creator._setCompleteValue (file:///usr/share/code/resources/app/out/vs/workbench/workbench.main.js:165:596)
    at Object.m [as _notify] (file:///usr/share/code/resources/app/out/vs/workbench/workbench.main.js:161:284)
    at Object.enter (file:///usr/share/code/resources/app/out/vs/workbench/workbench.main.js:164:568)
    at n.Class.derive._creator._run (file:///usr/share/code/resources/app/out/vs/workbench/workbench.main.js:165:902)
    at n.Class.derive._creator._chainedError (file:///usr/share/code/resources/app/out/vs/workbench/workbench.main.js:165:261)
    at n (file:///usr/share/code/resources/app/out/vs/workbench/workbench.main.js:163:40)
    at n.Class.define.cancel.then (file:///usr/share/code/resources/app/out/vs/workbench/workbench.main.js:166:736)
    at Object.enter (file:///usr/share/code/resources/app/out/vs/workbench/workbench.main.js:163:109)
    at n.Class.derive._creator._run (file:///usr/share/code/resources/app/out/vs/workbench/workbench.main.js:165:902)
    at n.Class.derive._creator._setCompleteValue (file:///usr/share/code/resources/app/out/vs/workbench/workbench.main.js:165:596)
    at Object.m [as _notify] (file:///usr/share/code/resources/app/out/vs/workbench/workbench.main.js:161:284)
    at Object.enter (file:///usr/share/code/resources/app/out/vs/workbench/workbench.main.js:164:568)
    at n.Class.derive._creator._run (file:///usr/share/code/resources/app/out/vs/workbench/workbench.main.js:165:902)
    at n.Class.derive._creator._chainedError (file:///usr/share/code/resources/app/out/vs/workbench/workbench.main.js:165:261)
    at n (file:///usr/share/code/resources/app/out/vs/workbench/workbench.main.js:163:40)
    at n.Class.define.cancel.then (file:///usr/share/code/resources/app/out/vs/workbench/workbench.main.js:166:736)
    at Object.enter (file:///usr/share/code/resources/app/out/vs/workbench/workbench.main.js:163:109)
    at n.Class.derive._creator._run (file:///usr/share/code/resources/app/out/vs/workbench/workbench.main.js:165:902)
    at n.Class.derive._creator._setCompleteValue (file:///usr/share/code/resources/app/out/vs/workbench/workbench.main.js:165:596)
    at Object.m [as _notify] (file:///usr/share/code/resources/app/out/vs/workbench/workbench.main.js:161:284)
    at Object.enter (file:///usr/share/code/resources/app/out/vs/workbench/workbench.main.js:164:568)
    at n.Class.derive._creator._run (file:///usr/share/code/resources/app/out/vs/workbench/workbench.main.js:165:902)
    at n.Class.derive._creator._chainedError (file:///usr/share/code/resources/app/out/vs/workbench/workbench.main.js:165:261)
    at n (file:///usr/share/code/resources/app/out/vs/workbench/workbench.main.js:163:40)
    at n.Class.define.cancel.then (file:///usr/share/code/resources/app/out/vs/workbench/workbench.main.js:166:736)
    at Object.enter (file:///usr/share/code/resources/app/out/vs/workbench/workbench.main.js:163:109)
    at n.Class.derive._creator._run (file:///usr/share/code/resources/app/out/vs/workbench/workbench.main.js:165:902)
    at n.Class.derive._creator._setCompleteValue (file:///usr/share/code/resources/app/out/vs/workbench/workbench.main.js:165:596)
    at Object.m [as _notify] (file:///usr/share/code/resources/app/out/vs/workbench/workbench.main.js:161:284)
    at Object.enter (file:///usr/share/code/resources/app/out/vs/workbench/workbench.main.js:164:568)
    at n.Class.derive._creator._run (file:///usr/share/code/resources/app/out/vs/workbench/workbench.main.js:165:902)
    at n.Class.derive._creator._chainedError (file:///usr/share/code/resources/app/out/vs/workbench/workbench.main.js:165:261)
    at n (file:///usr/share/code/resources/app/out/vs/workbench/workbench.main.js:163:40)
    at n.Class.define.cancel.then (file:///usr/share/code/resources/app/out/vs/workbench/workbench.main.js:166:736)
    at Object.enter (file:///usr/share/code/resources/app/out/vs/workbench/workbench.main.js:163:109)
    at n.Class.derive._creator._run (file:///usr/share/code/resources/app/out/vs/workbench/workbench.main.js:165:902)
    at n.Class.derive._creator._setCompleteValue (file:///usr/share/code/resources/app/out/vs/workbench/workbench.main.js:165:596)
    at Object.m [as _notify] (file:///usr/share/code/resources/app/out/vs/workbench/workbench.main.js:161:284)
    at Object.enter (file:///usr/share/code/resources/app/out/vs/workbench/workbench.main.js:164:568)
    at n.Class.derive._oncancel._run (file:///usr/share/code/resources/app/out/vs/workbench/workbench.main.js:165:902)
    at n.Class.derive._oncancel._error (file:///usr/share/code/resources/app/out/vs/workbench/workbench.main.js:165:419)
    at l (file:///usr/share/code/resources/app/out/vs/workbench/workbench.main.js:168:962)
    at file:///usr/share/code/resources/app/out/vs/workbench/workbench.main.js:169:70
    at Object.m [as _notify] (file:///usr/share/code/resources/app/out/vs/workbench/workbench.main.js:161:302)
    at Object.enter (file:///usr/share/code/resources/app/out/vs/workbench/workbench.main.js:164:568)
    at n.Class.derive._creator._run (file:///usr/share/code/resources/app/out/vs/workbench/workbench.main.js:165:902)
    at n.Class.derive._creator._chainedError (file:///usr/share/code/resources/app/out/vs/workbench/workbench.main.js:165:261)
    at n (file:///usr/share/code/resources/app/out/vs/workbench/workbench.main.js:163:40)
    at n.Class.define.cancel.then (file:///usr/share/code/resources/app/out/vs/workbench/workbench.main.js:166:736)
    at Object.enter (file:///usr/share/code/resources/app/out/vs/workbench/workbench.main.js:163:109)
    at n.Class.derive._creator._run (file:///usr/share/code/resources/app/out/vs/workbench/workbench.main.js:165:902)
    at n.Class.derive._creator._setCompleteValue (file:///usr/share/code/resources/app/out/vs/workbench/workbench.main.js:165:596)
    at Object.g [as _notify] (file:///usr/share/code/resources/app/out/vs/workbench/workbench.main.js:160:709)
    at Object.enter (file:///usr/share/code/resources/app/out/vs/workbench/workbench.main.js:164:61)
    at n.Class.derive._creator._run (file:///usr/share/code/resources/app/out/vs/workbench/workbench.main.js:165:902)
    at n.Class.derive._creator._completed (file:///usr/share/code/resources/app/out/vs/workbench/workbench.main.js:165:343)
    at Object.g [as _notify] (file:///usr/share/code/resources/app/out/vs/workbench/workbench.main.js:160:729)
    at Object.enter (file:///usr/share/code/resources/app/out/vs/workbench/workbench.main.js:164:61)
    at n.Class.derive._oncancel._run (file:///usr/share/code/resources/app/out/vs/workbench/workbench.main.js:165:902)
    at n.Class.derive._oncancel._completed (file:///usr/share/code/resources/app/out/vs/workbench/workbench.main.js:165:343)
    at file:///usr/share/code/resources/app/out/vs/workbench/workbench.main.js:3331:230
    at file:///usr/share/code/resources/app/out/vs/workbench/workbench.main.js:3332:118
    at Object.t.parallel (file:///usr/share/code/resources/app/out/vs/workbench/workbench.main.js:284:690)
    at file:///usr/share/code/resources/app/out/vs/workbench/workbench.main.js:3331:401
    at go$readdir$cb (/usr/share/code/resources/app/node_modules.asar/graceful-fs/graceful-fs.js:149:14)
    at FSReqWrap.oncomplete (original-fs.js:135:15)
[2018-12-11 16:51:39.140] [renderer1] [error] cannot open file:///home/andrew/%D0%A0%D0%B0%D0%B1%D0%BE%D1%87%D0%B8%D0%B9%20%D1%81%D1%82%D0%BE%D0%BB/projects/react-cinematography/src/components. Detail: File is directory: Error: cannot open file:///home/andrew/%D0%A0%D0%B0%D0%B1%D0%BE%D1%87%D0%B8%D0%B9%20%D1%81%D1%82%D0%BE%D0%BB/projects/react-cinematography/src/components. Detail: File is directory
    at file:///usr/share/code/resources/app/out/vs/workbench/workbench.main.js:4319:753
    at Object.m [as _notify] (file:///usr/share/code/resources/app/out/vs/workbench/workbench.main.js:161:302)
    at Object.enter (file:///usr/share/code/resources/app/out/vs/workbench/workbench.main.js:164:568)
    at n.Class.derive._creator._run (file:///usr/share/code/resources/app/out/vs/workbench/workbench.main.js:165:902)
    at n.Class.derive._creator._chainedError (file:///usr/share/code/resources/app/out/vs/workbench/workbench.main.js:165:261)
    at n (file:///usr/share/code/resources/app/out/vs/workbench/workbench.main.js:163:40)
    at n.Class.define.cancel.then (file:///usr/share/code/resources/app/out/vs/workbench/workbench.main.js:166:736)
    at Object.enter (file:///usr/share/code/resources/app/out/vs/workbench/workbench.main.js:163:109)
    at n.Class.derive._creator._run (file:///usr/share/code/resources/app/out/vs/workbench/workbench.main.js:165:902)
    at n.Class.derive._creator._setCompleteValue (file:///usr/share/code/resources/app/out/vs/workbench/workbench.main.js:165:596)
    at Object.m [as _notify] (file:///usr/share/code/resources/app/out/vs/workbench/workbench.main.js:161:284)
    at Object.enter (file:///usr/share/code/resources/app/out/vs/workbench/workbench.main.js:164:568)
    at n.Class.derive._creator._run (file:///usr/share/code/resources/app/out/vs/workbench/workbench.main.js:165:902)
    at n.Class.derive._creator._chainedError (file:///usr/share/code/resources/app/out/vs/workbench/workbench.main.js:165:261)
    at n (file:///usr/share/code/resources/app/out/vs/workbench/workbench.main.js:163:40)
    at n.Class.define.cancel.then (file:///usr/share/code/resources/app/out/vs/workbench/workbench.main.js:166:736)
    at Object.enter (file:///usr/share/code/resources/app/out/vs/workbench/workbench.main.js:163:109)
    at n.Class.derive._creator._run (file:///usr/share/code/resources/app/out/vs/workbench/workbench.main.js:165:902)
    at n.Class.derive._creator._setCompleteValue (file:///usr/share/code/resources/app/out/vs/workbench/workbench.main.js:165:596)
    at Object.m [as _notify] (file:///usr/share/code/resources/app/out/vs/workbench/workbench.main.js:161:284)
    at Object.enter (file:///usr/share/code/resources/app/out/vs/workbench/workbench.main.js:164:568)
    at n.Class.derive._creator._run (file:///usr/share/code/resources/app/out/vs/workbench/workbench.main.js:165:902)
    at n.Class.derive._creator._chainedError (file:///usr/share/code/resources/app/out/vs/workbench/workbench.main.js:165:261)
    at n (file:///usr/share/code/resources/app/out/vs/workbench/workbench.main.js:163:40)
    at n.Class.define.cancel.then (file:///usr/share/code/resources/app/out/vs/workbench/workbench.main.js:166:736)
    at Object.enter (file:///usr/share/code/resources/app/out/vs/workbench/workbench.main.js:163:109)
    at n.Class.derive._creator._run (file:///usr/share/code/resources/app/out/vs/workbench/workbench.main.js:165:902)
    at n.Class.derive._creator._setCompleteValue (file:///usr/share/code/resources/app/out/vs/workbench/workbench.main.js:165:596)
    at Object.m [as _notify] (file:///usr/share/code/resources/app/out/vs/workbench/workbench.main.js:161:284)
    at Object.enter (file:///usr/share/code/resources/app/out/vs/workbench/workbench.main.js:164:568)
    at n.Class.derive._creator._run (file:///usr/share/code/resources/app/out/vs/workbench/workbench.main.js:165:902)
    at n.Class.derive._creator._chainedError (file:///usr/share/code/resources/app/out/vs/workbench/workbench.main.js:165:261)
    at n (file:///usr/share/code/resources/app/out/vs/workbench/workbench.main.js:163:40)
    at n.Class.define.cancel.then (file:///usr/share/code/resources/app/out/vs/workbench/workbench.main.js:166:736)
    at Object.enter (file:///usr/share/code/resources/app/out/vs/workbench/workbench.main.js:163:109)
    at n.Class.derive._creator._run (file:///usr/share/code/resources/app/out/vs/workbench/workbench.main.js:165:902)
    at n.Class.derive._creator._setCompleteValue (file:///usr/share/code/resources/app/out/vs/workbench/workbench.main.js:165:596)
    at Object.m [as _notify] (file:///usr/share/code/resources/app/out/vs/workbench/workbench.main.js:161:284)
    at Object.enter (file:///usr/share/code/resources/app/out/vs/workbench/workbench.main.js:164:568)
    at n.Class.derive._creator._run (file:///usr/share/code/resources/app/out/vs/workbench/workbench.main.js:165:902)
    at n.Class.derive._creator._chainedError (file:///usr/share/code/resources/app/out/vs/workbench/workbench.main.js:165:261)
    at n (file:///usr/share/code/resources/app/out/vs/workbench/workbench.main.js:163:40)
    at n.Class.define.cancel.then (file:///usr/share/code/resources/app/out/vs/workbench/workbench.main.js:166:736)
    at Object.enter (file:///usr/share/code/resources/app/out/vs/workbench/workbench.main.js:163:109)
    at n.Class.derive._creator._run (file:///usr/share/code/resources/app/out/vs/workbench/workbench.main.js:165:902)
    at n.Class.derive._creator._setCompleteValue (file:///usr/share/code/resources/app/out/vs/workbench/workbench.main.js:165:596)
    at Object.m [as _notify] (file:///usr/share/code/resources/app/out/vs/workbench/workbench.main.js:161:284)
    at Object.enter (file:///usr/share/code/resources/app/out/vs/workbench/workbench.main.js:164:568)
    at n.Class.derive._oncancel._run (file:///usr/share/code/resources/app/out/vs/workbench/workbench.main.js:165:902)
    at n.Class.derive._oncancel._error (file:///usr/share/code/resources/app/out/vs/workbench/workbench.main.js:165:419)
    at l (file:///usr/share/code/resources/app/out/vs/workbench/workbench.main.js:168:962)
    at file:///usr/share/code/resources/app/out/vs/workbench/workbench.main.js:169:70
    at Object.m [as _notify] (file:///usr/share/code/resources/app/out/vs/workbench/workbench.main.js:161:302)
    at Object.enter (file:///usr/share/code/resources/app/out/vs/workbench/workbench.main.js:164:568)
    at n.Class.derive._creator._run (file:///usr/share/code/resources/app/out/vs/workbench/workbench.main.js:165:902)
    at n.Class.derive._creator._chainedError (file:///usr/share/code/resources/app/out/vs/workbench/workbench.main.js:165:261)
    at n (file:///usr/share/code/resources/app/out/vs/workbench/workbench.main.js:163:40)
    at n.Class.define.cancel.then (file:///usr/share/code/resources/app/out/vs/workbench/workbench.main.js:166:736)
    at Object.enter (file:///usr/share/code/resources/app/out/vs/workbench/workbench.main.js:163:109)
    at n.Class.derive._creator._run (file:///usr/share/code/resources/app/out/vs/workbench/workbench.main.js:165:902)
    at n.Class.derive._creator._setCompleteValue (file:///usr/share/code/resources/app/out/vs/workbench/workbench.main.js:165:596)
    at Object.g [as _notify] (file:///usr/share/code/resources/app/out/vs/workbench/workbench.main.js:160:709)
    at Object.enter (file:///usr/share/code/resources/app/out/vs/workbench/workbench.main.js:164:61)
    at n.Class.derive._creator._run (file:///usr/share/code/resources/app/out/vs/workbench/workbench.main.js:165:902)
    at n.Class.derive._creator._completed (file:///usr/share/code/resources/app/out/vs/workbench/workbench.main.js:165:343)
    at Object.g [as _notify] (file:///usr/share/code/resources/app/out/vs/workbench/workbench.main.js:160:729)
    at Object.enter (file:///usr/share/code/resources/app/out/vs/workbench/workbench.main.js:164:61)
    at n.Class.derive._oncancel._run (file:///usr/share/code/resources/app/out/vs/workbench/workbench.main.js:165:902)
    at n.Class.derive._oncancel._completed (file:///usr/share/code/resources/app/out/vs/workbench/workbench.main.js:165:343)
    at file:///usr/share/code/resources/app/out/vs/workbench/workbench.main.js:3331:230
    at file:///usr/share/code/resources/app/out/vs/workbench/workbench.main.js:3332:118
    at Object.t.parallel (file:///usr/share/code/resources/app/out/vs/workbench/workbench.main.js:284:690)
    at file:///usr/share/code/resources/app/out/vs/workbench/workbench.main.js:3331:401
    at go$readdir$cb (/usr/share/code/resources/app/node_modules.asar/graceful-fs/graceful-fs.js:149:14)
    at FSReqWrap.oncomplete (original-fs.js:135:15)
