[2018-12-21 21:26:03.295] [sharedprocess] [info] main {"machineId":"32bb7b4cfa401785324cb23b7bc27605939798aafce5924984ed680bdc653e58"}
[2018-12-21 21:26:03.373] [sharedprocess] [info] Scanned user extensions: 9
[2018-12-21 21:26:03.425] [sharedprocess] [info] Scanned user extensions: 9
[2018-12-21 21:26:03.427] [sharedprocess] [info] Scanned user extensions: 9
[2018-12-21 21:26:03.430] [sharedprocess] [info] Scanned user extensions: 9
[2018-12-21 21:26:03.489] [sharedprocess] [info] Scanned system extensions: 71
[2018-12-21 21:26:03.496] [sharedprocess] [info] Scanned system extensions: 71
[2018-12-21 21:26:03.501] [sharedprocess] [info] Scanned system extensions: 71
[2018-12-21 21:26:03.549] [sharedprocess] [info] Scanned user extensions: 9
[2018-12-21 21:26:18.825] [sharedprocess] [info] Scanned user extensions: 9
[2018-12-21 21:26:18.830] [sharedprocess] [info] Scanned user extensions: 9
[2018-12-21 21:26:18.843] [sharedprocess] [info] Scanned user extensions: 9
[2018-12-21 21:26:18.965] [sharedprocess] [info] Scanned system extensions: 71
[2018-12-21 21:26:18.972] [sharedprocess] [info] Scanned system extensions: 71
[2018-12-21 21:26:19.293] [sharedprocess] [info] Scanned user extensions: 9
[2018-12-21 21:26:43.298] [sharedprocess] [info] Starting to clean up unused language packs.
[2018-12-21 21:26:43.300] [sharedprocess] [info] Skipping directory b7bed61c66de9d7bddacb3a8fe1ec728.ru. Language pack still in use.
[2018-12-21 21:31:19.428] [sharedprocess] [info] Scanned user extensions: 9
[2018-12-21 21:36:19.446] [sharedprocess] [info] Scanned user extensions: 9
[2018-12-21 21:41:19.466] [sharedprocess] [info] Scanned user extensions: 9
[2018-12-21 21:46:19.485] [sharedprocess] [info] Scanned user extensions: 9
[2018-12-21 21:51:19.503] [sharedprocess] [info] Scanned user extensions: 9
[2018-12-21 21:56:19.523] [sharedprocess] [info] Scanned user extensions: 9
