[2018-12-21 11:17:58.122] [renderer1] [info] no standard startup: not the explorer viewlet
[2018-12-21 11:18:12.116] [renderer1] [info] no standard startup: not just one text editor
[2018-12-21 12:26:06.293] [renderer1] [error] cannot open file:///home/andrew/%D0%A0%D0%B0%D0%B1%D0%BE%D1%87%D0%B8%D0%B9%20%D1%81%D1%82%D0%BE%D0%BB/projects/react-cinematography/src/APIconfig. Detail: Файл является каталогом: Error: cannot open file:///home/andrew/%D0%A0%D0%B0%D0%B1%D0%BE%D1%87%D0%B8%D0%B9%20%D1%81%D1%82%D0%BE%D0%BB/projects/react-cinematography/src/APIconfig. Detail: Файл является каталогом
    at file:///usr/share/code/resources/app/out/vs/workbench/workbench.main.js:4319:753
    at Object.m [as _notify] (file:///usr/share/code/resources/app/out/vs/workbench/workbench.main.js:161:302)
    at Object.enter (file:///usr/share/code/resources/app/out/vs/workbench/workbench.main.js:164:568)
    at n.Class.derive._creator._run (file:///usr/share/code/resources/app/out/vs/workbench/workbench.main.js:165:902)
    at n.Class.derive._creator._chainedError (file:///usr/share/code/resources/app/out/vs/workbench/workbench.main.js:165:261)
    at n (file:///usr/share/code/resources/app/out/vs/workbench/workbench.main.js:163:40)
    at n.Class.define.cancel.then (file:///usr/share/code/resources/app/out/vs/workbench/workbench.main.js:166:736)
    at Object.enter (file:///usr/share/code/resources/app/out/vs/workbench/workbench.main.js:163:109)
    at n.Class.derive._creator._run (file:///usr/share/code/resources/app/out/vs/workbench/workbench.main.js:165:902)
    at n.Class.derive._creator._setCompleteValue (file:///usr/share/code/resources/app/out/vs/workbench/workbench.main.js:165:596)
    at Object.m [as _notify] (file:///usr/share/code/resources/app/out/vs/workbench/workbench.main.js:161:284)
    at Object.enter (file:///usr/share/code/resources/app/out/vs/workbench/workbench.main.js:164:568)
    at n.Class.derive._creator._run (file:///usr/share/code/resources/app/out/vs/workbench/workbench.main.js:165:902)
    at n.Class.derive._creator._chainedError (file:///usr/share/code/resources/app/out/vs/workbench/workbench.main.js:165:261)
    at n (file:///usr/share/code/resources/app/out/vs/workbench/workbench.main.js:163:40)
    at n.Class.define.cancel.then (file:///usr/share/code/resources/app/out/vs/workbench/workbench.main.js:166:736)
    at Object.enter (file:///usr/share/code/resources/app/out/vs/workbench/workbench.main.js:163:109)
    at n.Class.derive._creator._run (file:///usr/share/code/resources/app/out/vs/workbench/workbench.main.js:165:902)
    at n.Class.derive._creator._setCompleteValue (file:///usr/share/code/resources/app/out/vs/workbench/workbench.main.js:165:596)
    at Object.m [as _notify] (file:///usr/share/code/resources/app/out/vs/workbench/workbench.main.js:161:284)
    at Object.enter (file:///usr/share/code/resources/app/out/vs/workbench/workbench.main.js:164:568)
    at n.Class.derive._creator._run (file:///usr/share/code/resources/app/out/vs/workbench/workbench.main.js:165:902)
    at n.Class.derive._creator._chainedError (file:///usr/share/code/resources/app/out/vs/workbench/workbench.main.js:165:261)
    at n (file:///usr/share/code/resources/app/out/vs/workbench/workbench.main.js:163:40)
    at n.Class.define.cancel.then (file:///usr/share/code/resources/app/out/vs/workbench/workbench.main.js:166:736)
    at Object.enter (file:///usr/share/code/resources/app/out/vs/workbench/workbench.main.js:163:109)
    at n.Class.derive._creator._run (file:///usr/share/code/resources/app/out/vs/workbench/workbench.main.js:165:902)
    at n.Class.derive._creator._setCompleteValue (file:///usr/share/code/resources/app/out/vs/workbench/workbench.main.js:165:596)
    at Object.m [as _notify] (file:///usr/share/code/resources/app/out/vs/workbench/workbench.main.js:161:284)
    at Object.enter (file:///usr/share/code/resources/app/out/vs/workbench/workbench.main.js:164:568)
    at n.Class.derive._creator._run (file:///usr/share/code/resources/app/out/vs/workbench/workbench.main.js:165:902)
    at n.Class.derive._creator._chainedError (file:///usr/share/code/resources/app/out/vs/workbench/workbench.main.js:165:261)
    at n (file:///usr/share/code/resources/app/out/vs/workbench/workbench.main.js:163:40)
    at n.Class.define.cancel.then (file:///usr/share/code/resources/app/out/vs/workbench/workbench.main.js:166:736)
    at Object.enter (file:///usr/share/code/resources/app/out/vs/workbench/workbench.main.js:163:109)
    at n.Class.derive._creator._run (file:///usr/share/code/resources/app/out/vs/workbench/workbench.main.js:165:902)
    at n.Class.derive._creator._setCompleteValue (file:///usr/share/code/resources/app/out/vs/workbench/workbench.main.js:165:596)
    at Object.m [as _notify] (file:///usr/share/code/resources/app/out/vs/workbench/workbench.main.js:161:284)
    at Object.enter (file:///usr/share/code/resources/app/out/vs/workbench/workbench.main.js:164:568)
    at n.Class.derive._creator._run (file:///usr/share/code/resources/app/out/vs/workbench/workbench.main.js:165:902)
    at n.Class.derive._creator._chainedError (file:///usr/share/code/resources/app/out/vs/workbench/workbench.main.js:165:261)
    at n (file:///usr/share/code/resources/app/out/vs/workbench/workbench.main.js:163:40)
    at n.Class.define.cancel.then (file:///usr/share/code/resources/app/out/vs/workbench/workbench.main.js:166:736)
    at Object.enter (file:///usr/share/code/resources/app/out/vs/workbench/workbench.main.js:163:109)
    at n.Class.derive._creator._run (file:///usr/share/code/resources/app/out/vs/workbench/workbench.main.js:165:902)
    at n.Class.derive._creator._setCompleteValue (file:///usr/share/code/resources/app/out/vs/workbench/workbench.main.js:165:596)
    at Object.m [as _notify] (file:///usr/share/code/resources/app/out/vs/workbench/workbench.main.js:161:284)
    at Object.enter (file:///usr/share/code/resources/app/out/vs/workbench/workbench.main.js:164:568)
    at n.Class.derive._oncancel._run (file:///usr/share/code/resources/app/out/vs/workbench/workbench.main.js:165:902)
    at n.Class.derive._oncancel._error (file:///usr/share/code/resources/app/out/vs/workbench/workbench.main.js:165:419)
    at l (file:///usr/share/code/resources/app/out/vs/workbench/workbench.main.js:168:962)
    at file:///usr/share/code/resources/app/out/vs/workbench/workbench.main.js:169:70
    at Object.m [as _notify] (file:///usr/share/code/resources/app/out/vs/workbench/workbench.main.js:161:302)
    at Object.enter (file:///usr/share/code/resources/app/out/vs/workbench/workbench.main.js:164:568)
    at n.Class.derive._creator._run (file:///usr/share/code/resources/app/out/vs/workbench/workbench.main.js:165:902)
    at n.Class.derive._creator._chainedError (file:///usr/share/code/resources/app/out/vs/workbench/workbench.main.js:165:261)
    at n (file:///usr/share/code/resources/app/out/vs/workbench/workbench.main.js:163:40)
    at n.Class.define.cancel.then (file:///usr/share/code/resources/app/out/vs/workbench/workbench.main.js:166:736)
    at Object.enter (file:///usr/share/code/resources/app/out/vs/workbench/workbench.main.js:163:109)
    at n.Class.derive._creator._run (file:///usr/share/code/resources/app/out/vs/workbench/workbench.main.js:165:902)
    at n.Class.derive._creator._setCompleteValue (file:///usr/share/code/resources/app/out/vs/workbench/workbench.main.js:165:596)
    at Object.g [as _notify] (file:///usr/share/code/resources/app/out/vs/workbench/workbench.main.js:160:709)
    at Object.enter (file:///usr/share/code/resources/app/out/vs/workbench/workbench.main.js:164:61)
    at n.Class.derive._creator._run (file:///usr/share/code/resources/app/out/vs/workbench/workbench.main.js:165:902)
    at n.Class.derive._creator._completed (file:///usr/share/code/resources/app/out/vs/workbench/workbench.main.js:165:343)
    at Object.g [as _notify] (file:///usr/share/code/resources/app/out/vs/workbench/workbench.main.js:160:729)
    at Object.enter (file:///usr/share/code/resources/app/out/vs/workbench/workbench.main.js:164:61)
    at n.Class.derive._oncancel._run (file:///usr/share/code/resources/app/out/vs/workbench/workbench.main.js:165:902)
    at n.Class.derive._oncancel._completed (file:///usr/share/code/resources/app/out/vs/workbench/workbench.main.js:165:343)
    at file:///usr/share/code/resources/app/out/vs/workbench/workbench.main.js:3331:230
    at file:///usr/share/code/resources/app/out/vs/workbench/workbench.main.js:3332:118
    at file:///usr/share/code/resources/app/out/vs/workbench/workbench.main.js:284:813
    at Function.<anonymous> (file:///usr/share/code/resources/app/out/vs/workbench/workbench.main.js:3331:884)
    at file:///usr/share/code/resources/app/out/vs/workbench/workbench.main.js:284:420
    at s (file:///usr/share/code/resources/app/out/vs/workbench/workbench.main.js:283:969)
    at file:///usr/share/code/resources/app/out/vs/workbench/workbench.main.js:284:55
    at _combinedTickCallback (internal/process/next_tick.js:131:7)
    at process._tickCallback (internal/process/next_tick.js:180:9)
[2018-12-21 14:34:55.543] [renderer1] [error] Произошла неизвестная ошибка. Подробные сведения см. в журнале.
