[2018-12-21 11:18:00.418] [sharedprocess] [info] main {"machineId":"32bb7b4cfa401785324cb23b7bc27605939798aafce5924984ed680bdc653e58"}
[2018-12-21 11:18:00.471] [sharedprocess] [info] Scanned user extensions: 9
[2018-12-21 11:18:00.509] [sharedprocess] [info] Scanned user extensions: 9
[2018-12-21 11:18:00.513] [sharedprocess] [info] Scanned user extensions: 9
[2018-12-21 11:18:00.517] [sharedprocess] [info] Scanned user extensions: 9
[2018-12-21 11:18:00.564] [sharedprocess] [info] Scanned system extensions: 71
[2018-12-21 11:18:00.569] [sharedprocess] [info] Scanned system extensions: 71
[2018-12-21 11:18:00.574] [sharedprocess] [info] Scanned system extensions: 71
[2018-12-21 11:18:00.622] [sharedprocess] [info] Scanned user extensions: 9
[2018-12-21 11:18:12.346] [sharedprocess] [info] Scanned user extensions: 9
[2018-12-21 11:18:12.354] [sharedprocess] [info] Scanned user extensions: 9
[2018-12-21 11:18:12.359] [sharedprocess] [info] Scanned user extensions: 9
[2018-12-21 11:18:12.437] [sharedprocess] [info] Scanned system extensions: 71
[2018-12-21 11:18:12.441] [sharedprocess] [info] Scanned system extensions: 71
[2018-12-21 11:18:12.741] [sharedprocess] [info] Scanned user extensions: 9
[2018-12-21 11:18:40.421] [sharedprocess] [info] Starting to clean up unused language packs.
[2018-12-21 11:18:40.423] [sharedprocess] [info] Skipping directory b7bed61c66de9d7bddacb3a8fe1ec728.ru. Language pack still in use.
[2018-12-21 11:23:12.846] [sharedprocess] [info] Scanned user extensions: 9
[2018-12-21 11:28:12.865] [sharedprocess] [info] Scanned user extensions: 9
[2018-12-21 11:33:12.885] [sharedprocess] [info] Scanned user extensions: 9
[2018-12-21 11:38:12.905] [sharedprocess] [info] Scanned user extensions: 9
[2018-12-21 11:43:12.922] [sharedprocess] [info] Scanned user extensions: 9
[2018-12-21 11:48:12.939] [sharedprocess] [info] Scanned user extensions: 9
[2018-12-21 11:53:12.956] [sharedprocess] [info] Scanned user extensions: 9
[2018-12-21 11:58:12.974] [sharedprocess] [info] Scanned user extensions: 9
[2018-12-21 12:03:12.989] [sharedprocess] [info] Scanned user extensions: 9
[2018-12-21 12:08:13.008] [sharedprocess] [info] Scanned user extensions: 9
[2018-12-21 12:13:13.028] [sharedprocess] [info] Scanned user extensions: 9
[2018-12-21 12:18:13.193] [sharedprocess] [info] Scanned user extensions: 9
[2018-12-21 12:23:13.211] [sharedprocess] [info] Scanned user extensions: 9
[2018-12-21 12:28:13.232] [sharedprocess] [info] Scanned user extensions: 9
[2018-12-21 12:33:13.252] [sharedprocess] [info] Scanned user extensions: 9
[2018-12-21 12:38:13.267] [sharedprocess] [info] Scanned user extensions: 9
[2018-12-21 12:43:13.292] [sharedprocess] [info] Scanned user extensions: 9
[2018-12-21 12:48:13.306] [sharedprocess] [info] Scanned user extensions: 9
[2018-12-21 12:53:13.325] [sharedprocess] [info] Scanned user extensions: 9
[2018-12-21 12:58:13.341] [sharedprocess] [info] Scanned user extensions: 9
[2018-12-21 13:03:13.355] [sharedprocess] [info] Scanned user extensions: 9
[2018-12-21 13:08:13.368] [sharedprocess] [info] Scanned user extensions: 9
[2018-12-21 13:13:13.384] [sharedprocess] [info] Scanned user extensions: 9
[2018-12-21 13:18:13.546] [sharedprocess] [info] Scanned user extensions: 9
[2018-12-21 13:23:13.570] [sharedprocess] [info] Scanned user extensions: 9
[2018-12-21 13:28:13.586] [sharedprocess] [info] Scanned user extensions: 9
[2018-12-21 13:33:13.602] [sharedprocess] [info] Scanned user extensions: 9
[2018-12-21 13:38:13.623] [sharedprocess] [info] Scanned user extensions: 9
[2018-12-21 13:43:13.640] [sharedprocess] [info] Scanned user extensions: 9
[2018-12-21 13:48:13.650] [sharedprocess] [info] Scanned user extensions: 9
[2018-12-21 13:53:13.659] [sharedprocess] [info] Scanned user extensions: 9
[2018-12-21 13:58:13.671] [sharedprocess] [info] Scanned user extensions: 9
[2018-12-21 14:03:13.683] [sharedprocess] [info] Scanned user extensions: 9
[2018-12-21 14:08:13.694] [sharedprocess] [info] Scanned user extensions: 9
[2018-12-21 14:13:13.711] [sharedprocess] [info] Scanned user extensions: 9
[2018-12-21 14:18:13.880] [sharedprocess] [info] Scanned user extensions: 9
[2018-12-21 14:23:13.898] [sharedprocess] [info] Scanned user extensions: 9
[2018-12-21 14:28:13.920] [sharedprocess] [info] Scanned user extensions: 9
[2018-12-21 14:33:13.937] [sharedprocess] [info] Scanned user extensions: 9
[2018-12-21 14:38:13.955] [sharedprocess] [info] Scanned user extensions: 9
[2018-12-21 14:43:13.973] [sharedprocess] [info] Scanned user extensions: 9
[2018-12-21 14:48:13.991] [sharedprocess] [info] Scanned user extensions: 9
[2018-12-21 14:53:14.009] [sharedprocess] [info] Scanned user extensions: 9
[2018-12-21 14:58:14.030] [sharedprocess] [info] Scanned user extensions: 9
[2018-12-21 15:03:14.048] [sharedprocess] [info] Scanned user extensions: 9
[2018-12-21 15:08:14.066] [sharedprocess] [info] Scanned user extensions: 9
[2018-12-21 15:13:14.085] [sharedprocess] [info] Scanned user extensions: 9
[2018-12-21 15:18:14.258] [sharedprocess] [info] Scanned user extensions: 9
[2018-12-21 15:23:14.275] [sharedprocess] [info] Scanned user extensions: 9
[2018-12-21 15:28:14.295] [sharedprocess] [info] Scanned user extensions: 9
[2018-12-21 15:33:14.308] [sharedprocess] [info] Scanned user extensions: 9
[2018-12-21 15:38:14.323] [sharedprocess] [info] Scanned user extensions: 9
[2018-12-21 15:43:14.338] [sharedprocess] [info] Scanned user extensions: 9
[2018-12-21 15:48:14.358] [sharedprocess] [info] Scanned user extensions: 9
[2018-12-21 15:53:14.375] [sharedprocess] [info] Scanned user extensions: 9
[2018-12-21 15:58:14.396] [sharedprocess] [info] Scanned user extensions: 9
[2018-12-21 16:03:14.409] [sharedprocess] [info] Scanned user extensions: 9
[2018-12-21 16:08:14.428] [sharedprocess] [info] Scanned user extensions: 9
[2018-12-21 16:13:14.444] [sharedprocess] [info] Scanned user extensions: 9
[2018-12-21 16:18:14.635] [sharedprocess] [info] Scanned user extensions: 9
[2018-12-21 16:23:14.648] [sharedprocess] [info] Scanned user extensions: 9
[2018-12-21 16:28:14.663] [sharedprocess] [info] Scanned user extensions: 9
[2018-12-21 16:33:14.676] [sharedprocess] [info] Scanned user extensions: 9
[2018-12-21 16:38:14.690] [sharedprocess] [info] Scanned user extensions: 9
[2018-12-21 16:43:14.705] [sharedprocess] [info] Scanned user extensions: 9
[2018-12-21 16:48:14.717] [sharedprocess] [info] Scanned user extensions: 9
[2018-12-21 16:53:14.727] [sharedprocess] [info] Scanned user extensions: 9
[2018-12-21 16:58:14.744] [sharedprocess] [info] Scanned user extensions: 9
[2018-12-21 17:03:14.758] [sharedprocess] [info] Scanned user extensions: 9
[2018-12-21 17:08:14.776] [sharedprocess] [info] Scanned user extensions: 9
[2018-12-21 17:13:14.792] [sharedprocess] [info] Scanned user extensions: 9
[2018-12-21 17:18:14.963] [sharedprocess] [info] Scanned user extensions: 9
[2018-12-21 17:23:14.977] [sharedprocess] [info] Scanned user extensions: 9
[2018-12-21 17:28:14.998] [sharedprocess] [info] Scanned user extensions: 9
[2018-12-21 17:33:15.015] [sharedprocess] [info] Scanned user extensions: 9
[2018-12-21 17:38:15.030] [sharedprocess] [info] Scanned user extensions: 9
