[2018-12-21 21:26:01.358] [exthost] [info] extension host started
[2018-12-21 21:26:01.373] [exthost] [info] ExtensionService#_doActivateExtension vscode.debug-auto-launch {"startup":true,"activationEvent":"*"}
[2018-12-21 21:26:01.373] [exthost] [info] ExtensionService#loadCommonJSModule /usr/share/code/resources/app/extensions/debug-auto-launch/dist/extension
[2018-12-21 21:26:01.379] [exthost] [info] ExtensionService#_doActivateExtension vscode.emmet {"startup":true,"activationEvent":"*"}
[2018-12-21 21:26:01.379] [exthost] [info] ExtensionService#loadCommonJSModule /usr/share/code/resources/app/extensions/emmet/dist/extension
[2018-12-21 21:26:01.411] [exthost] [info] ExtensionService#_doActivateExtension vscode.git {"startup":true,"activationEvent":"*"}
[2018-12-21 21:26:01.411] [exthost] [info] ExtensionService#loadCommonJSModule /usr/share/code/resources/app/extensions/git/dist/main
[2018-12-21 21:26:01.521] [exthost] [info] ExtensionService#_doActivateExtension vscode.merge-conflict {"startup":true,"activationEvent":"*"}
[2018-12-21 21:26:01.522] [exthost] [info] ExtensionService#loadCommonJSModule /usr/share/code/resources/app/extensions/merge-conflict/dist/extension
[2018-12-21 21:26:01.527] [exthost] [info] ExtensionService#_doActivateExtension vscode.search-rg {"startup":true,"activationEvent":"*"}
[2018-12-21 21:26:01.527] [exthost] [info] ExtensionService#loadCommonJSModule /usr/share/code/resources/app/extensions/search-rg/dist/extension
[2018-12-21 21:26:01.531] [exthost] [info] ExtensionService#_doActivateExtension cssho.vscode-svgviewer {"startup":true,"activationEvent":"*"}
[2018-12-21 21:26:01.532] [exthost] [info] ExtensionService#loadCommonJSModule /home/andrew/.vscode/extensions/cssho.vscode-svgviewer-1.4.7/out/src/extension
[2018-12-21 21:26:01.544] [exthost] [info] ExtensionService#_doActivateExtension dbaeumer.vscode-eslint {"startup":true,"activationEvent":"*"}
[2018-12-21 21:26:01.544] [exthost] [info] ExtensionService#loadCommonJSModule /home/andrew/.vscode/extensions/dbaeumer.vscode-eslint-1.7.2/client/out/extension
[2018-12-21 21:26:01.587] [exthost] [info] ExtensionService#_doActivateExtension esbenp.prettier-vscode {"startup":true,"activationEvent":"*"}
[2018-12-21 21:26:01.587] [exthost] [info] ExtensionService#loadCommonJSModule /home/andrew/.vscode/extensions/esbenp.prettier-vscode-1.7.3/out/src/extension
[2018-12-21 21:26:01.744] [exthost] [info] ExtensionService#_doActivateExtension HookyQR.beautify {"startup":true,"activationEvent":"*"}
[2018-12-21 21:26:01.744] [exthost] [info] ExtensionService#loadCommonJSModule /home/andrew/.vscode/extensions/hookyqr.beautify-1.4.7/extension
[2018-12-21 21:26:01.780] [exthost] [info] eager extensions activated
[2018-12-21 21:26:19.266] [exthost] [info] extension host started
[2018-12-21 21:26:19.308] [exthost] [info] ExtensionService#_doActivateExtension vscode.debug-auto-launch {"startup":true,"activationEvent":"*"}
[2018-12-21 21:26:19.308] [exthost] [info] ExtensionService#loadCommonJSModule /usr/share/code/resources/app/extensions/debug-auto-launch/dist/extension
[2018-12-21 21:26:19.324] [exthost] [info] ExtensionService#_doActivateExtension vscode.emmet {"startup":true,"activationEvent":"*"}
[2018-12-21 21:26:19.324] [exthost] [info] ExtensionService#loadCommonJSModule /usr/share/code/resources/app/extensions/emmet/dist/extension
[2018-12-21 21:26:19.411] [exthost] [info] ExtensionService#_doActivateExtension vscode.git {"startup":true,"activationEvent":"*"}
[2018-12-21 21:26:19.411] [exthost] [info] ExtensionService#loadCommonJSModule /usr/share/code/resources/app/extensions/git/dist/main
[2018-12-21 21:26:19.547] [exthost] [info] ExtensionService#_doActivateExtension vscode.merge-conflict {"startup":true,"activationEvent":"*"}
[2018-12-21 21:26:19.547] [exthost] [info] ExtensionService#loadCommonJSModule /usr/share/code/resources/app/extensions/merge-conflict/dist/extension
[2018-12-21 21:26:19.555] [exthost] [info] ExtensionService#_doActivateExtension vscode.search-rg {"startup":true,"activationEvent":"*"}
[2018-12-21 21:26:19.555] [exthost] [info] ExtensionService#loadCommonJSModule /usr/share/code/resources/app/extensions/search-rg/dist/extension
[2018-12-21 21:26:19.560] [exthost] [info] ExtensionService#_doActivateExtension cssho.vscode-svgviewer {"startup":true,"activationEvent":"*"}
[2018-12-21 21:26:19.560] [exthost] [info] ExtensionService#loadCommonJSModule /home/andrew/.vscode/extensions/cssho.vscode-svgviewer-1.4.7/out/src/extension
[2018-12-21 21:26:19.573] [exthost] [info] ExtensionService#_doActivateExtension dbaeumer.vscode-eslint {"startup":true,"activationEvent":"*"}
[2018-12-21 21:26:19.573] [exthost] [info] ExtensionService#loadCommonJSModule /home/andrew/.vscode/extensions/dbaeumer.vscode-eslint-1.7.2/client/out/extension
[2018-12-21 21:26:19.621] [exthost] [info] ExtensionService#_doActivateExtension esbenp.prettier-vscode {"startup":true,"activationEvent":"*"}
[2018-12-21 21:26:19.621] [exthost] [info] ExtensionService#loadCommonJSModule /home/andrew/.vscode/extensions/esbenp.prettier-vscode-1.7.3/out/src/extension
[2018-12-21 21:26:19.775] [exthost] [info] ExtensionService#_doActivateExtension HookyQR.beautify {"startup":true,"activationEvent":"*"}
[2018-12-21 21:26:19.775] [exthost] [info] ExtensionService#loadCommonJSModule /home/andrew/.vscode/extensions/hookyqr.beautify-1.4.7/extension
[2018-12-21 21:26:19.813] [exthost] [info] eager extensions activated
[2018-12-21 21:27:08.142] [exthost] [info] ExtensionService#_doActivateExtension vscode.typescript-language-features {"startup":false,"activationEvent":"onLanguage:javascript"}
[2018-12-21 21:27:08.142] [exthost] [info] ExtensionService#loadCommonJSModule /usr/share/code/resources/app/extensions/typescript-language-features/dist/extension
[2018-12-21 21:27:15.268] [exthost] [info] ExtensionService#_doActivateExtension vscode.extension-editing {"startup":false,"activationEvent":"onLanguage:typescript"}
[2018-12-21 21:27:15.268] [exthost] [info] ExtensionService#loadCommonJSModule /usr/share/code/resources/app/extensions/extension-editing/dist/extension
